CRITICAL - 2022-01-15 05:05:55 --> Undefined offset: 0
#0 C:\xampp\htdocs\spk_wahyu\app\Views\Admin\Content\Edit_Alternatif.php(28): CodeIgniter\Debug\Exceptions->errorHandler(8, 'Undefined offse...', 'C:\\xampp\\htdocs...', 28, Array)
#1 C:\xampp\htdocs\spk_wahyu\vendor\codeigniter4\framework\system\View\View.php(220): include('C:\\xampp\\htdocs...')
#2 C:\xampp\htdocs\spk_wahyu\vendor\codeigniter4\framework\system\View\View.php(222): CodeIgniter\View\View->CodeIgniter\View\{closure}()
#3 C:\xampp\htdocs\spk_wahyu\vendor\codeigniter4\framework\system\Common.php(1217): CodeIgniter\View\View->render('Admin/Content/E...', Array, true)
#4 C:\xampp\htdocs\spk_wahyu\app\Controllers\Admin\Alternatif.php(57): view('Admin/Content/E...', Array)
#5 C:\xampp\htdocs\spk_wahyu\vendor\codeigniter4\framework\system\CodeIgniter.php(935): App\Controllers\Admin\Alternatif->edit('6')
#6 C:\xampp\htdocs\spk_wahyu\vendor\codeigniter4\framework\system\CodeIgniter.php(431): CodeIgniter\CodeIgniter->runController(Object(App\Controllers\Admin\Alternatif))
#7 C:\xampp\htdocs\spk_wahyu\vendor\codeigniter4\framework\system\CodeIgniter.php(332): CodeIgniter\CodeIgniter->handleRequest(NULL, Object(Config\Cache), false)
#8 C:\xampp\htdocs\spk_wahyu\public\index.php(45): CodeIgniter\CodeIgniter->run()
#9 C:\xampp\htdocs\spk_wahyu\vendor\codeigniter4\framework\system\Commands\Server\rewrite.php(45): require_once('C:\\xampp\\htdocs...')
#10 {main}
CRITICAL - 2022-01-15 05:06:09 --> Undefined offset: 0
#0 C:\xampp\htdocs\spk_wahyu\app\Views\Admin\Content\Edit_Alternatif.php(28): CodeIgniter\Debug\Exceptions->errorHandler(8, 'Undefined offse...', 'C:\\xampp\\htdocs...', 28, Array)
#1 C:\xampp\htdocs\spk_wahyu\vendor\codeigniter4\framework\system\View\View.php(220): include('C:\\xampp\\htdocs...')
#2 C:\xampp\htdocs\spk_wahyu\vendor\codeigniter4\framework\system\View\View.php(222): CodeIgniter\View\View->CodeIgniter\View\{closure}()
#3 C:\xampp\htdocs\spk_wahyu\vendor\codeigniter4\framework\system\Common.php(1217): CodeIgniter\View\View->render('Admin/Content/E...', Array, true)
#4 C:\xampp\htdocs\spk_wahyu\app\Controllers\Admin\Alternatif.php(57): view('Admin/Content/E...', Array)
#5 C:\xampp\htdocs\spk_wahyu\vendor\codeigniter4\framework\system\CodeIgniter.php(935): App\Controllers\Admin\Alternatif->edit('5')
#6 C:\xampp\htdocs\spk_wahyu\vendor\codeigniter4\framework\system\CodeIgniter.php(431): CodeIgniter\CodeIgniter->runController(Object(App\Controllers\Admin\Alternatif))
#7 C:\xampp\htdocs\spk_wahyu\vendor\codeigniter4\framework\system\CodeIgniter.php(332): CodeIgniter\CodeIgniter->handleRequest(NULL, Object(Config\Cache), false)
#8 C:\xampp\htdocs\spk_wahyu\public\index.php(45): CodeIgniter\CodeIgniter->run()
#9 C:\xampp\htdocs\spk_wahyu\vendor\codeigniter4\framework\system\Commands\Server\rewrite.php(45): require_once('C:\\xampp\\htdocs...')
#10 {main}
CRITICAL - 2022-01-15 05:06:14 --> Undefined offset: 0
#0 C:\xampp\htdocs\spk_wahyu\app\Views\Admin\Content\Edit_Alternatif.php(28): CodeIgniter\Debug\Exceptions->errorHandler(8, 'Undefined offse...', 'C:\\xampp\\htdocs...', 28, Array)
#1 C:\xampp\htdocs\spk_wahyu\vendor\codeigniter4\framework\system\View\View.php(220): include('C:\\xampp\\htdocs...')
#2 C:\xampp\htdocs\spk_wahyu\vendor\codeigniter4\framework\system\View\View.php(222): CodeIgniter\View\View->CodeIgniter\View\{closure}()
#3 C:\xampp\htdocs\spk_wahyu\vendor\codeigniter4\framework\system\Common.php(1217): CodeIgniter\View\View->render('Admin/Content/E...', Array, true)
#4 C:\xampp\htdocs\spk_wahyu\app\Controllers\Admin\Alternatif.php(57): view('Admin/Content/E...', Array)
#5 C:\xampp\htdocs\spk_wahyu\vendor\codeigniter4\framework\system\CodeIgniter.php(935): App\Controllers\Admin\Alternatif->edit('6')
#6 C:\xampp\htdocs\spk_wahyu\vendor\codeigniter4\framework\system\CodeIgniter.php(431): CodeIgniter\CodeIgniter->runController(Object(App\Controllers\Admin\Alternatif))
#7 C:\xampp\htdocs\spk_wahyu\vendor\codeigniter4\framework\system\CodeIgniter.php(332): CodeIgniter\CodeIgniter->handleRequest(NULL, Object(Config\Cache), false)
#8 C:\xampp\htdocs\spk_wahyu\public\index.php(45): CodeIgniter\CodeIgniter->run()
#9 C:\xampp\htdocs\spk_wahyu\vendor\codeigniter4\framework\system\Commands\Server\rewrite.php(45): require_once('C:\\xampp\\htdocs...')
#10 {main}
CRITICAL - 2022-01-15 05:07:15 --> Undefined offset: 0
#0 C:\xampp\htdocs\spk_wahyu\app\Views\Admin\Content\Edit_Alternatif.php(28): CodeIgniter\Debug\Exceptions->errorHandler(8, 'Undefined offse...', 'C:\\xampp\\htdocs...', 28, Array)
#1 C:\xampp\htdocs\spk_wahyu\vendor\codeigniter4\framework\system\View\View.php(220): include('C:\\xampp\\htdocs...')
#2 C:\xampp\htdocs\spk_wahyu\vendor\codeigniter4\framework\system\View\View.php(222): CodeIgniter\View\View->CodeIgniter\View\{closure}()
#3 C:\xampp\htdocs\spk_wahyu\vendor\codeigniter4\framework\system\Common.php(1217): CodeIgniter\View\View->render('Admin/Content/E...', Array, true)
#4 C:\xampp\htdocs\spk_wahyu\app\Controllers\Admin\Alternatif.php(57): view('Admin/Content/E...', Array)
#5 C:\xampp\htdocs\spk_wahyu\vendor\codeigniter4\framework\system\CodeIgniter.php(935): App\Controllers\Admin\Alternatif->edit('6')
#6 C:\xampp\htdocs\spk_wahyu\vendor\codeigniter4\framework\system\CodeIgniter.php(431): CodeIgniter\CodeIgniter->runController(Object(App\Controllers\Admin\Alternatif))
#7 C:\xampp\htdocs\spk_wahyu\vendor\codeigniter4\framework\system\CodeIgniter.php(332): CodeIgniter\CodeIgniter->handleRequest(NULL, Object(Config\Cache), false)
#8 C:\xampp\htdocs\spk_wahyu\public\index.php(45): CodeIgniter\CodeIgniter->run()
#9 C:\xampp\htdocs\spk_wahyu\vendor\codeigniter4\framework\system\Commands\Server\rewrite.php(45): require_once('C:\\xampp\\htdocs...')
#10 {main}
CRITICAL - 2022-01-15 05:22:50 --> Undefined offset: 0
#0 C:\xampp\htdocs\spk_wahyu\app\Views\Admin\Content\Edit_Alternatif.php(28): CodeIgniter\Debug\Exceptions->errorHandler(8, 'Undefined offse...', 'C:\\xampp\\htdocs...', 28, Array)
#1 C:\xampp\htdocs\spk_wahyu\vendor\codeigniter4\framework\system\View\View.php(220): include('C:\\xampp\\htdocs...')
#2 C:\xampp\htdocs\spk_wahyu\vendor\codeigniter4\framework\system\View\View.php(222): CodeIgniter\View\View->CodeIgniter\View\{closure}()
#3 C:\xampp\htdocs\spk_wahyu\vendor\codeigniter4\framework\system\Common.php(1217): CodeIgniter\View\View->render('Admin/Content/E...', Array, true)
#4 C:\xampp\htdocs\spk_wahyu\app\Controllers\Admin\Alternatif.php(57): view('Admin/Content/E...', Array)
#5 C:\xampp\htdocs\spk_wahyu\vendor\codeigniter4\framework\system\CodeIgniter.php(935): App\Controllers\Admin\Alternatif->edit('5')
#6 C:\xampp\htdocs\spk_wahyu\vendor\codeigniter4\framework\system\CodeIgniter.php(431): CodeIgniter\CodeIgniter->runController(Object(App\Controllers\Admin\Alternatif))
#7 C:\xampp\htdocs\spk_wahyu\vendor\codeigniter4\framework\system\CodeIgniter.php(332): CodeIgniter\CodeIgniter->handleRequest(NULL, Object(Config\Cache), false)
#8 C:\xampp\htdocs\spk_wahyu\public\index.php(45): CodeIgniter\CodeIgniter->run()
#9 C:\xampp\htdocs\spk_wahyu\vendor\codeigniter4\framework\system\Commands\Server\rewrite.php(45): require_once('C:\\xampp\\htdocs...')
#10 {main}
