CRITICAL - 2021-05-22 22:10:59 --> Unable to connect to the database.
#0 C:\xampp\htdocs\spk_wahyu\vendor\codeigniter4\framework\system\Database\BaseConnection.php(620): CodeIgniter\Database\BaseConnection->initialize()
#1 C:\xampp\htdocs\spk_wahyu\vendor\codeigniter4\framework\system\Database\BaseBuilder.php(1866): CodeIgniter\Database\BaseConnection->query('SELECT *\nFROM `...', Array, false)
#2 C:\xampp\htdocs\spk_wahyu\app\Models\Login_model.php(15): CodeIgniter\Database\BaseBuilder->get()
#3 C:\xampp\htdocs\spk_wahyu\app\Controllers\Home.php(29): App\Models\Login_model->getLogin('a', 'a')
#4 C:\xampp\htdocs\spk_wahyu\vendor\codeigniter4\framework\system\CodeIgniter.php(935): App\Controllers\Home->p_login()
#5 C:\xampp\htdocs\spk_wahyu\vendor\codeigniter4\framework\system\CodeIgniter.php(431): CodeIgniter\CodeIgniter->runController(Object(App\Controllers\Home))
#6 C:\xampp\htdocs\spk_wahyu\vendor\codeigniter4\framework\system\CodeIgniter.php(332): CodeIgniter\CodeIgniter->handleRequest(NULL, Object(Config\Cache), false)
#7 C:\xampp\htdocs\spk_wahyu\public\index.php(45): CodeIgniter\CodeIgniter->run()
#8 C:\xampp\htdocs\spk_wahyu\vendor\codeigniter4\framework\system\Commands\Server\rewrite.php(45): require_once('C:\\xampp\\htdocs...')
#9 {main}
CRITICAL - 2021-05-22 22:11:00 --> Uncaught ErrorException: print_r(): Property access is not allowed yet in C:\xampp\htdocs\spk_wahyu\app\Views\errors\html\error_exception.php:100
Stack trace:
#0 [internal function]: CodeIgniter\Debug\Exceptions->errorHandler(2, 'print_r(): Prop...', 'C:\\xampp\\htdocs...', 100, Array)
#1 C:\xampp\htdocs\spk_wahyu\app\Views\errors\html\error_exception.php(100): print_r(Object(App\Controllers\Home), true)
#2 C:\xampp\htdocs\spk_wahyu\vendor\codeigniter4\framework\system\Debug\Exceptions.php(281): include('C:\\xampp\\htdocs...')
#3 C:\xampp\htdocs\spk_wahyu\vendor\codeigniter4\framework\system\Debug\Exceptions.php(147): CodeIgniter\Debug\Exceptions->render(Object(CodeIgniter\Database\Exceptions\DatabaseException), 500)
#4 [internal function]: CodeIgniter\Debug\Exceptions->exceptionHandler(Object(CodeIgniter\Database\Exceptions\DatabaseException))
#5 {main}
  thrown
#0 [internal function]: CodeIgniter\Debug\Exceptions->shutdownHandler()
#1 {main}
CRITICAL - 2021-05-22 22:11:55 --> Unable to connect to the database.
#0 C:\xampp\htdocs\spk_wahyu\vendor\codeigniter4\framework\system\Database\BaseConnection.php(620): CodeIgniter\Database\BaseConnection->initialize()
#1 C:\xampp\htdocs\spk_wahyu\vendor\codeigniter4\framework\system\Database\BaseBuilder.php(1866): CodeIgniter\Database\BaseConnection->query('SELECT *\nFROM `...', Array, false)
#2 C:\xampp\htdocs\spk_wahyu\app\Models\Login_model.php(15): CodeIgniter\Database\BaseBuilder->get()
#3 C:\xampp\htdocs\spk_wahyu\app\Controllers\Home.php(29): App\Models\Login_model->getLogin('admin', 'admin')
#4 C:\xampp\htdocs\spk_wahyu\vendor\codeigniter4\framework\system\CodeIgniter.php(935): App\Controllers\Home->p_login()
#5 C:\xampp\htdocs\spk_wahyu\vendor\codeigniter4\framework\system\CodeIgniter.php(431): CodeIgniter\CodeIgniter->runController(Object(App\Controllers\Home))
#6 C:\xampp\htdocs\spk_wahyu\vendor\codeigniter4\framework\system\CodeIgniter.php(332): CodeIgniter\CodeIgniter->handleRequest(NULL, Object(Config\Cache), false)
#7 C:\xampp\htdocs\spk_wahyu\public\index.php(45): CodeIgniter\CodeIgniter->run()
#8 C:\xampp\htdocs\spk_wahyu\vendor\codeigniter4\framework\system\Commands\Server\rewrite.php(45): require_once('C:\\xampp\\htdocs...')
#9 {main}
CRITICAL - 2021-05-22 22:11:55 --> Uncaught ErrorException: print_r(): Property access is not allowed yet in C:\xampp\htdocs\spk_wahyu\app\Views\errors\html\error_exception.php:100
Stack trace:
#0 [internal function]: CodeIgniter\Debug\Exceptions->errorHandler(2, 'print_r(): Prop...', 'C:\\xampp\\htdocs...', 100, Array)
#1 C:\xampp\htdocs\spk_wahyu\app\Views\errors\html\error_exception.php(100): print_r(Object(App\Controllers\Home), true)
#2 C:\xampp\htdocs\spk_wahyu\vendor\codeigniter4\framework\system\Debug\Exceptions.php(281): include('C:\\xampp\\htdocs...')
#3 C:\xampp\htdocs\spk_wahyu\vendor\codeigniter4\framework\system\Debug\Exceptions.php(147): CodeIgniter\Debug\Exceptions->render(Object(CodeIgniter\Database\Exceptions\DatabaseException), 500)
#4 [internal function]: CodeIgniter\Debug\Exceptions->exceptionHandler(Object(CodeIgniter\Database\Exceptions\DatabaseException))
#5 {main}
  thrown
#0 [internal function]: CodeIgniter\Debug\Exceptions->shutdownHandler()
#1 {main}
