CRITICAL - 2022-01-17 06:49:31 --> Undefined offset: 0
#0 C:\xampp\htdocs\spk_wahyu\app\Views\Admin\Content\Edit_Alternatif.php(28): CodeIgniter\Debug\Exceptions->errorHandler(8, 'Undefined offse...', 'C:\\xampp\\htdocs...', 28, Array)
#1 C:\xampp\htdocs\spk_wahyu\vendor\codeigniter4\framework\system\View\View.php(220): include('C:\\xampp\\htdocs...')
#2 C:\xampp\htdocs\spk_wahyu\vendor\codeigniter4\framework\system\View\View.php(222): CodeIgniter\View\View->CodeIgniter\View\{closure}()
#3 C:\xampp\htdocs\spk_wahyu\vendor\codeigniter4\framework\system\Common.php(1217): CodeIgniter\View\View->render('Admin/Content/E...', Array, true)
#4 C:\xampp\htdocs\spk_wahyu\app\Controllers\Admin\Alternatif.php(57): view('Admin/Content/E...', Array)
#5 C:\xampp\htdocs\spk_wahyu\vendor\codeigniter4\framework\system\CodeIgniter.php(935): App\Controllers\Admin\Alternatif->edit('3')
#6 C:\xampp\htdocs\spk_wahyu\vendor\codeigniter4\framework\system\CodeIgniter.php(431): CodeIgniter\CodeIgniter->runController(Object(App\Controllers\Admin\Alternatif))
#7 C:\xampp\htdocs\spk_wahyu\vendor\codeigniter4\framework\system\CodeIgniter.php(332): CodeIgniter\CodeIgniter->handleRequest(NULL, Object(Config\Cache), false)
#8 C:\xampp\htdocs\spk_wahyu\public\index.php(45): CodeIgniter\CodeIgniter->run()
#9 C:\xampp\htdocs\spk_wahyu\vendor\codeigniter4\framework\system\Commands\Server\rewrite.php(45): require_once('C:\\xampp\\htdocs...')
#10 {main}
CRITICAL - 2022-01-17 07:00:17 --> syntax error, unexpected ''QTY'' (T_CONSTANT_ENCAPSED_STRING), expecting ']'
#0 C:\xampp\htdocs\spk_wahyu\vendor\codeigniter4\framework\system\Autoloader\Autoloader.php(274): CodeIgniter\Autoloader\Autoloader->includeFile('C:\\xampp\\htdocs...')
#1 C:\xampp\htdocs\spk_wahyu\vendor\codeigniter4\framework\system\Autoloader\Autoloader.php(228): CodeIgniter\Autoloader\Autoloader->loadInNamespace('App\\Controllers...')
#2 [internal function]: CodeIgniter\Autoloader\Autoloader->loadClass('App\\Controllers...')
#3 [internal function]: spl_autoload_call('App\\Controllers...')
#4 C:\xampp\htdocs\spk_wahyu\vendor\codeigniter4\framework\system\CodeIgniter.php(892): class_exists('\\App\\Controller...', true)
#5 C:\xampp\htdocs\spk_wahyu\vendor\codeigniter4\framework\system\CodeIgniter.php(416): CodeIgniter\CodeIgniter->startController()
#6 C:\xampp\htdocs\spk_wahyu\vendor\codeigniter4\framework\system\CodeIgniter.php(332): CodeIgniter\CodeIgniter->handleRequest(NULL, Object(Config\Cache), false)
#7 C:\xampp\htdocs\spk_wahyu\public\index.php(45): CodeIgniter\CodeIgniter->run()
#8 C:\xampp\htdocs\spk_wahyu\vendor\codeigniter4\framework\system\Commands\Server\rewrite.php(45): require_once('C:\\xampp\\htdocs...')
#9 {main}
