CRITICAL - 2022-03-21 09:13:44 --> Undefined variable: session
#0 C:\xampp\htdocs\spk_wahyu\app\Views\Admin\Layout\Sina.php(16): CodeIgniter\Debug\Exceptions->errorHandler(8, 'Undefined varia...', 'C:\\xampp\\htdocs...', 16, Array)
#1 C:\xampp\htdocs\spk_wahyu\vendor\codeigniter4\framework\system\View\View.php(220): include('C:\\xampp\\htdocs...')
#2 C:\xampp\htdocs\spk_wahyu\vendor\codeigniter4\framework\system\View\View.php(222): CodeIgniter\View\View->CodeIgniter\View\{closure}()
#3 C:\xampp\htdocs\spk_wahyu\vendor\codeigniter4\framework\system\View\View.php(468): CodeIgniter\View\View->render('Admin/Layout/Si...', NULL, true)
#4 C:\xampp\htdocs\spk_wahyu\app\Views\Admin\Index.php(16): CodeIgniter\View\View->include('Admin/Layout/Si...')
#5 C:\xampp\htdocs\spk_wahyu\vendor\codeigniter4\framework\system\View\View.php(220): include('C:\\xampp\\htdocs...')
#6 C:\xampp\htdocs\spk_wahyu\vendor\codeigniter4\framework\system\View\View.php(222): CodeIgniter\View\View->CodeIgniter\View\{closure}()
#7 C:\xampp\htdocs\spk_wahyu\vendor\codeigniter4\framework\system\View\View.php(236): CodeIgniter\View\View->render('Admin/Index', Array, true)
#8 C:\xampp\htdocs\spk_wahyu\vendor\codeigniter4\framework\system\Common.php(1217): CodeIgniter\View\View->render('Admin/Content/D...', Array, true)
#9 C:\xampp\htdocs\spk_wahyu\app\Controllers\Admin\Dashboard.php(23): view('Admin/Content/D...', Array)
#10 C:\xampp\htdocs\spk_wahyu\vendor\codeigniter4\framework\system\CodeIgniter.php(935): App\Controllers\Admin\Dashboard->index()
#11 C:\xampp\htdocs\spk_wahyu\vendor\codeigniter4\framework\system\CodeIgniter.php(431): CodeIgniter\CodeIgniter->runController(Object(App\Controllers\Admin\Dashboard))
#12 C:\xampp\htdocs\spk_wahyu\vendor\codeigniter4\framework\system\CodeIgniter.php(332): CodeIgniter\CodeIgniter->handleRequest(NULL, Object(Config\Cache), false)
#13 C:\xampp\htdocs\spk_wahyu\public\index.php(45): CodeIgniter\CodeIgniter->run()
#14 C:\xampp\htdocs\spk_wahyu\vendor\codeigniter4\framework\system\Commands\Server\rewrite.php(45): require_once('C:\\xampp\\htdocs...')
#15 {main}
CRITICAL - 2022-03-21 09:14:12 --> Undefined variable: session
#0 C:\xampp\htdocs\spk_wahyu\app\Views\Admin\Layout\Sina.php(16): CodeIgniter\Debug\Exceptions->errorHandler(8, 'Undefined varia...', 'C:\\xampp\\htdocs...', 16, Array)
#1 C:\xampp\htdocs\spk_wahyu\vendor\codeigniter4\framework\system\View\View.php(220): include('C:\\xampp\\htdocs...')
#2 C:\xampp\htdocs\spk_wahyu\vendor\codeigniter4\framework\system\View\View.php(222): CodeIgniter\View\View->CodeIgniter\View\{closure}()
#3 C:\xampp\htdocs\spk_wahyu\vendor\codeigniter4\framework\system\View\View.php(468): CodeIgniter\View\View->render('Admin/Layout/Si...', NULL, true)
#4 C:\xampp\htdocs\spk_wahyu\app\Views\Admin\Index.php(16): CodeIgniter\View\View->include('Admin/Layout/Si...')
#5 C:\xampp\htdocs\spk_wahyu\vendor\codeigniter4\framework\system\View\View.php(220): include('C:\\xampp\\htdocs...')
#6 C:\xampp\htdocs\spk_wahyu\vendor\codeigniter4\framework\system\View\View.php(222): CodeIgniter\View\View->CodeIgniter\View\{closure}()
#7 C:\xampp\htdocs\spk_wahyu\vendor\codeigniter4\framework\system\View\View.php(236): CodeIgniter\View\View->render('Admin/Index', Array, true)
#8 C:\xampp\htdocs\spk_wahyu\vendor\codeigniter4\framework\system\Common.php(1217): CodeIgniter\View\View->render('Admin/Content/D...', Array, true)
#9 C:\xampp\htdocs\spk_wahyu\app\Controllers\Admin\Dashboard.php(23): view('Admin/Content/D...', Array)
#10 C:\xampp\htdocs\spk_wahyu\vendor\codeigniter4\framework\system\CodeIgniter.php(935): App\Controllers\Admin\Dashboard->index()
#11 C:\xampp\htdocs\spk_wahyu\vendor\codeigniter4\framework\system\CodeIgniter.php(431): CodeIgniter\CodeIgniter->runController(Object(App\Controllers\Admin\Dashboard))
#12 C:\xampp\htdocs\spk_wahyu\vendor\codeigniter4\framework\system\CodeIgniter.php(332): CodeIgniter\CodeIgniter->handleRequest(NULL, Object(Config\Cache), false)
#13 C:\xampp\htdocs\spk_wahyu\public\index.php(45): CodeIgniter\CodeIgniter->run()
#14 C:\xampp\htdocs\spk_wahyu\vendor\codeigniter4\framework\system\Commands\Server\rewrite.php(45): require_once('C:\\xampp\\htdocs...')
#15 {main}
