CRITICAL - 2021-01-25 01:22:29 --> Array to string conversion
#0 C:\xampp7\htdocs\spk_wahyu\app\Views\Admin\Layout\Chart.php(3): CodeIgniter\Debug\Exceptions->errorHandler(8, 'Array to string...', 'C:\\xampp7\\htdoc...', 3, Array)
#1 C:\xampp7\htdocs\spk_wahyu\vendor\codeigniter4\framework\system\View\View.php(246): include('C:\\xampp7\\htdoc...')
#2 C:\xampp7\htdocs\spk_wahyu\vendor\codeigniter4\framework\system\View\View.php(525): CodeIgniter\View\View->render('Admin/Layout/Ch...', NULL, true)
#3 C:\xampp7\htdocs\spk_wahyu\app\Views\Admin\Index.php(17): CodeIgniter\View\View->include('Admin/Layout/Ch...')
#4 C:\xampp7\htdocs\spk_wahyu\vendor\codeigniter4\framework\system\View\View.php(246): include('C:\\xampp7\\htdoc...')
#5 C:\xampp7\htdocs\spk_wahyu\vendor\codeigniter4\framework\system\View\View.php(257): CodeIgniter\View\View->render('Admin/Index', Array, true)
#6 C:\xampp7\htdocs\spk_wahyu\vendor\codeigniter4\framework\system\Common.php(1119): CodeIgniter\View\View->render('Admin/Content/D...', Array, true)
#7 C:\xampp7\htdocs\spk_wahyu\app\Controllers\Admin\Perangkingan.php(69): view('Admin/Content/D...', Array)
#8 C:\xampp7\htdocs\spk_wahyu\vendor\codeigniter4\framework\system\CodeIgniter.php(918): App\Controllers\Admin\Perangkingan->smarter()
#9 C:\xampp7\htdocs\spk_wahyu\vendor\codeigniter4\framework\system\CodeIgniter.php(404): CodeIgniter\CodeIgniter->runController(Object(App\Controllers\Admin\Perangkingan))
#10 C:\xampp7\htdocs\spk_wahyu\vendor\codeigniter4\framework\system\CodeIgniter.php(312): CodeIgniter\CodeIgniter->handleRequest(NULL, Object(Config\Cache), false)
#11 C:\xampp7\htdocs\spk_wahyu\public\index.php(45): CodeIgniter\CodeIgniter->run()
#12 C:\xampp7\htdocs\spk_wahyu\vendor\codeigniter4\framework\system\Commands\Server\rewrite.php(34): require_once('C:\\xampp7\\htdoc...')
#13 {main}
CRITICAL - 2021-01-25 01:23:18 --> Array to string conversion
#0 C:\xampp7\htdocs\spk_wahyu\app\Views\Admin\Layout\Chart.php(3): CodeIgniter\Debug\Exceptions->errorHandler(8, 'Array to string...', 'C:\\xampp7\\htdoc...', 3, Array)
#1 C:\xampp7\htdocs\spk_wahyu\vendor\codeigniter4\framework\system\View\View.php(246): include('C:\\xampp7\\htdoc...')
#2 C:\xampp7\htdocs\spk_wahyu\vendor\codeigniter4\framework\system\View\View.php(525): CodeIgniter\View\View->render('Admin/Layout/Ch...', NULL, true)
#3 C:\xampp7\htdocs\spk_wahyu\app\Views\Admin\Index.php(17): CodeIgniter\View\View->include('Admin/Layout/Ch...')
#4 C:\xampp7\htdocs\spk_wahyu\vendor\codeigniter4\framework\system\View\View.php(246): include('C:\\xampp7\\htdoc...')
#5 C:\xampp7\htdocs\spk_wahyu\vendor\codeigniter4\framework\system\View\View.php(257): CodeIgniter\View\View->render('Admin/Index', Array, true)
#6 C:\xampp7\htdocs\spk_wahyu\vendor\codeigniter4\framework\system\Common.php(1119): CodeIgniter\View\View->render('Admin/Content/D...', Array, true)
#7 C:\xampp7\htdocs\spk_wahyu\app\Controllers\Admin\Perangkingan.php(69): view('Admin/Content/D...', Array)
#8 C:\xampp7\htdocs\spk_wahyu\vendor\codeigniter4\framework\system\CodeIgniter.php(918): App\Controllers\Admin\Perangkingan->smarter()
#9 C:\xampp7\htdocs\spk_wahyu\vendor\codeigniter4\framework\system\CodeIgniter.php(404): CodeIgniter\CodeIgniter->runController(Object(App\Controllers\Admin\Perangkingan))
#10 C:\xampp7\htdocs\spk_wahyu\vendor\codeigniter4\framework\system\CodeIgniter.php(312): CodeIgniter\CodeIgniter->handleRequest(NULL, Object(Config\Cache), false)
#11 C:\xampp7\htdocs\spk_wahyu\public\index.php(45): CodeIgniter\CodeIgniter->run()
#12 C:\xampp7\htdocs\spk_wahyu\vendor\codeigniter4\framework\system\Commands\Server\rewrite.php(34): require_once('C:\\xampp7\\htdoc...')
#13 {main}
CRITICAL - 2021-01-25 01:31:26 --> Undefined variable: graph
#0 C:\xampp7\htdocs\spk_wahyu\app\Views\Admin\Layout\Chart.php(3): CodeIgniter\Debug\Exceptions->errorHandler(8, 'Undefined varia...', 'C:\\xampp7\\htdoc...', 3, Array)
#1 C:\xampp7\htdocs\spk_wahyu\vendor\codeigniter4\framework\system\View\View.php(246): include('C:\\xampp7\\htdoc...')
#2 C:\xampp7\htdocs\spk_wahyu\vendor\codeigniter4\framework\system\View\View.php(525): CodeIgniter\View\View->render('Admin/Layout/Ch...', NULL, true)
#3 C:\xampp7\htdocs\spk_wahyu\app\Views\Admin\Index.php(17): CodeIgniter\View\View->include('Admin/Layout/Ch...')
#4 C:\xampp7\htdocs\spk_wahyu\vendor\codeigniter4\framework\system\View\View.php(246): include('C:\\xampp7\\htdoc...')
#5 C:\xampp7\htdocs\spk_wahyu\vendor\codeigniter4\framework\system\View\View.php(257): CodeIgniter\View\View->render('Admin/Index', Array, true)
#6 C:\xampp7\htdocs\spk_wahyu\vendor\codeigniter4\framework\system\Common.php(1119): CodeIgniter\View\View->render('Admin/Content/R...', Array, true)
#7 C:\xampp7\htdocs\spk_wahyu\app\Controllers\Admin\Perangkingan.php(23): view('Admin/Content/R...', Array)
#8 C:\xampp7\htdocs\spk_wahyu\vendor\codeigniter4\framework\system\CodeIgniter.php(918): App\Controllers\Admin\Perangkingan->index()
#9 C:\xampp7\htdocs\spk_wahyu\vendor\codeigniter4\framework\system\CodeIgniter.php(404): CodeIgniter\CodeIgniter->runController(Object(App\Controllers\Admin\Perangkingan))
#10 C:\xampp7\htdocs\spk_wahyu\vendor\codeigniter4\framework\system\CodeIgniter.php(312): CodeIgniter\CodeIgniter->handleRequest(NULL, Object(Config\Cache), false)
#11 C:\xampp7\htdocs\spk_wahyu\public\index.php(45): CodeIgniter\CodeIgniter->run()
#12 C:\xampp7\htdocs\spk_wahyu\vendor\codeigniter4\framework\system\Commands\Server\rewrite.php(34): require_once('C:\\xampp7\\htdoc...')
#13 {main}
CRITICAL - 2021-01-25 01:31:30 --> Undefined variable: graph
#0 C:\xampp7\htdocs\spk_wahyu\app\Views\Admin\Layout\Chart.php(3): CodeIgniter\Debug\Exceptions->errorHandler(8, 'Undefined varia...', 'C:\\xampp7\\htdoc...', 3, Array)
#1 C:\xampp7\htdocs\spk_wahyu\vendor\codeigniter4\framework\system\View\View.php(246): include('C:\\xampp7\\htdoc...')
#2 C:\xampp7\htdocs\spk_wahyu\vendor\codeigniter4\framework\system\View\View.php(525): CodeIgniter\View\View->render('Admin/Layout/Ch...', NULL, true)
#3 C:\xampp7\htdocs\spk_wahyu\app\Views\Admin\Index.php(17): CodeIgniter\View\View->include('Admin/Layout/Ch...')
#4 C:\xampp7\htdocs\spk_wahyu\vendor\codeigniter4\framework\system\View\View.php(246): include('C:\\xampp7\\htdoc...')
#5 C:\xampp7\htdocs\spk_wahyu\vendor\codeigniter4\framework\system\View\View.php(257): CodeIgniter\View\View->render('Admin/Index', Array, true)
#6 C:\xampp7\htdocs\spk_wahyu\vendor\codeigniter4\framework\system\Common.php(1119): CodeIgniter\View\View->render('Admin/Content/D...', Array, true)
#7 C:\xampp7\htdocs\spk_wahyu\app\Controllers\Admin\Dashboard.php(21): view('Admin/Content/D...', Array)
#8 C:\xampp7\htdocs\spk_wahyu\vendor\codeigniter4\framework\system\CodeIgniter.php(918): App\Controllers\Admin\Dashboard->index()
#9 C:\xampp7\htdocs\spk_wahyu\vendor\codeigniter4\framework\system\CodeIgniter.php(404): CodeIgniter\CodeIgniter->runController(Object(App\Controllers\Admin\Dashboard))
#10 C:\xampp7\htdocs\spk_wahyu\vendor\codeigniter4\framework\system\CodeIgniter.php(312): CodeIgniter\CodeIgniter->handleRequest(NULL, Object(Config\Cache), false)
#11 C:\xampp7\htdocs\spk_wahyu\public\index.php(45): CodeIgniter\CodeIgniter->run()
#12 C:\xampp7\htdocs\spk_wahyu\vendor\codeigniter4\framework\system\Commands\Server\rewrite.php(34): require_once('C:\\xampp7\\htdoc...')
#13 {main}
CRITICAL - 2021-01-25 01:32:49 --> Undefined variable: graph
#0 C:\xampp7\htdocs\spk_wahyu\app\Views\Admin\Layout\Chart.php(3): CodeIgniter\Debug\Exceptions->errorHandler(8, 'Undefined varia...', 'C:\\xampp7\\htdoc...', 3, Array)
#1 C:\xampp7\htdocs\spk_wahyu\vendor\codeigniter4\framework\system\View\View.php(246): include('C:\\xampp7\\htdoc...')
#2 C:\xampp7\htdocs\spk_wahyu\vendor\codeigniter4\framework\system\View\View.php(525): CodeIgniter\View\View->render('Admin/Layout/Ch...', NULL, true)
#3 C:\xampp7\htdocs\spk_wahyu\app\Views\Admin\Index.php(22): CodeIgniter\View\View->include('Admin/Layout/Ch...')
#4 C:\xampp7\htdocs\spk_wahyu\vendor\codeigniter4\framework\system\View\View.php(246): include('C:\\xampp7\\htdoc...')
#5 C:\xampp7\htdocs\spk_wahyu\vendor\codeigniter4\framework\system\View\View.php(257): CodeIgniter\View\View->render('Admin/Index', Array, true)
#6 C:\xampp7\htdocs\spk_wahyu\vendor\codeigniter4\framework\system\Common.php(1119): CodeIgniter\View\View->render('Admin/Content/R...', Array, true)
#7 C:\xampp7\htdocs\spk_wahyu\app\Controllers\Admin\Perangkingan.php(23): view('Admin/Content/R...', Array)
#8 C:\xampp7\htdocs\spk_wahyu\vendor\codeigniter4\framework\system\CodeIgniter.php(918): App\Controllers\Admin\Perangkingan->index()
#9 C:\xampp7\htdocs\spk_wahyu\vendor\codeigniter4\framework\system\CodeIgniter.php(404): CodeIgniter\CodeIgniter->runController(Object(App\Controllers\Admin\Perangkingan))
#10 C:\xampp7\htdocs\spk_wahyu\vendor\codeigniter4\framework\system\CodeIgniter.php(312): CodeIgniter\CodeIgniter->handleRequest(NULL, Object(Config\Cache), false)
#11 C:\xampp7\htdocs\spk_wahyu\public\index.php(45): CodeIgniter\CodeIgniter->run()
#12 C:\xampp7\htdocs\spk_wahyu\vendor\codeigniter4\framework\system\Commands\Server\rewrite.php(34): require_once('C:\\xampp7\\htdoc...')
#13 {main}
