CRITICAL - 2021-01-22 09:16:31 --> Call to undefined method CodeIgniter\Database\MySQLi\Result::countAll()
#0 C:\xampp7\htdocs\spk_wahyu\app\Models\Crud_model.php(68): App\Models\Crud_model->num_rows('produk_masuk', false, 'tanggal', '2021-01', '*', true)
#1 C:\xampp7\htdocs\spk_wahyu\app\Controllers\Admin\Products_masuk.php(62): App\Models\Crud_model->rule_input_product(Array, 'produk_masuk')
#2 C:\xampp7\htdocs\spk_wahyu\vendor\codeigniter4\framework\system\CodeIgniter.php(918): App\Controllers\Admin\Products_masuk->store('LK890')
#3 C:\xampp7\htdocs\spk_wahyu\vendor\codeigniter4\framework\system\CodeIgniter.php(404): CodeIgniter\CodeIgniter->runController(Object(App\Controllers\Admin\Products_masuk))
#4 C:\xampp7\htdocs\spk_wahyu\vendor\codeigniter4\framework\system\CodeIgniter.php(312): CodeIgniter\CodeIgniter->handleRequest(NULL, Object(Config\Cache), false)
#5 C:\xampp7\htdocs\spk_wahyu\public\index.php(45): CodeIgniter\CodeIgniter->run()
#6 C:\xampp7\htdocs\spk_wahyu\vendor\codeigniter4\framework\system\Commands\Server\rewrite.php(34): require_once('C:\\xampp7\\htdoc...')
#7 {main}
CRITICAL - 2021-01-22 09:25:54 --> Too few arguments to function App\Models\Crud_model::rule_input_product(), 2 passed in C:\xampp7\htdocs\spk_wahyu\app\Controllers\Admin\Products_masuk.php on line 62 and exactly 3 expected
#0 C:\xampp7\htdocs\spk_wahyu\app\Controllers\Admin\Products_masuk.php(62): App\Models\Crud_model->rule_input_product(Array, 'produk_masuk')
#1 C:\xampp7\htdocs\spk_wahyu\vendor\codeigniter4\framework\system\CodeIgniter.php(918): App\Controllers\Admin\Products_masuk->store('LK890')
#2 C:\xampp7\htdocs\spk_wahyu\vendor\codeigniter4\framework\system\CodeIgniter.php(404): CodeIgniter\CodeIgniter->runController(Object(App\Controllers\Admin\Products_masuk))
#3 C:\xampp7\htdocs\spk_wahyu\vendor\codeigniter4\framework\system\CodeIgniter.php(312): CodeIgniter\CodeIgniter->handleRequest(NULL, Object(Config\Cache), false)
#4 C:\xampp7\htdocs\spk_wahyu\public\index.php(45): CodeIgniter\CodeIgniter->run()
#5 C:\xampp7\htdocs\spk_wahyu\vendor\codeigniter4\framework\system\Commands\Server\rewrite.php(34): require_once('C:\\xampp7\\htdoc...')
#6 {main}
CRITICAL - 2021-01-22 09:39:08 --> Undefined index: id
#0 C:\xampp7\htdocs\spk_wahyu\app\Views\Admin\Content\Detail_produk_masuk.php(81): CodeIgniter\Debug\Exceptions->errorHandler(8, 'Undefined index...', 'C:\\xampp7\\htdoc...', 81, Array)
#1 C:\xampp7\htdocs\spk_wahyu\vendor\codeigniter4\framework\system\View\View.php(246): include('C:\\xampp7\\htdoc...')
#2 C:\xampp7\htdocs\spk_wahyu\vendor\codeigniter4\framework\system\Common.php(1119): CodeIgniter\View\View->render('Admin/Content/D...', Array, true)
#3 C:\xampp7\htdocs\spk_wahyu\app\Controllers\Admin\Products_masuk.php(33): view('Admin/Content/D...', Array)
#4 C:\xampp7\htdocs\spk_wahyu\vendor\codeigniter4\framework\system\CodeIgniter.php(918): App\Controllers\Admin\Products_masuk->detail('LK890')
#5 C:\xampp7\htdocs\spk_wahyu\vendor\codeigniter4\framework\system\CodeIgniter.php(404): CodeIgniter\CodeIgniter->runController(Object(App\Controllers\Admin\Products_masuk))
#6 C:\xampp7\htdocs\spk_wahyu\vendor\codeigniter4\framework\system\CodeIgniter.php(312): CodeIgniter\CodeIgniter->handleRequest(NULL, Object(Config\Cache), false)
#7 C:\xampp7\htdocs\spk_wahyu\public\index.php(45): CodeIgniter\CodeIgniter->run()
#8 C:\xampp7\htdocs\spk_wahyu\vendor\codeigniter4\framework\system\Commands\Server\rewrite.php(34): require_once('C:\\xampp7\\htdoc...')
#9 {main}
CRITICAL - 2021-01-22 22:13:46 --> Undefined variable: produk_keluar
#0 C:\xampp7\htdocs\spk_wahyu\app\Views\Admin\Content\Detail_produk_keluar.php(72): CodeIgniter\Debug\Exceptions->errorHandler(8, 'Undefined varia...', 'C:\\xampp7\\htdoc...', 72, Array)
#1 C:\xampp7\htdocs\spk_wahyu\vendor\codeigniter4\framework\system\View\View.php(246): include('C:\\xampp7\\htdoc...')
#2 C:\xampp7\htdocs\spk_wahyu\vendor\codeigniter4\framework\system\Common.php(1119): CodeIgniter\View\View->render('Admin/Content/D...', Array, true)
#3 C:\xampp7\htdocs\spk_wahyu\app\Controllers\Admin\Products_keluar.php(33): view('Admin/Content/D...', Array)
#4 C:\xampp7\htdocs\spk_wahyu\vendor\codeigniter4\framework\system\CodeIgniter.php(918): App\Controllers\Admin\Products_keluar->detail('LK890')
#5 C:\xampp7\htdocs\spk_wahyu\vendor\codeigniter4\framework\system\CodeIgniter.php(404): CodeIgniter\CodeIgniter->runController(Object(App\Controllers\Admin\Products_keluar))
#6 C:\xampp7\htdocs\spk_wahyu\vendor\codeigniter4\framework\system\CodeIgniter.php(312): CodeIgniter\CodeIgniter->handleRequest(NULL, Object(Config\Cache), false)
#7 C:\xampp7\htdocs\spk_wahyu\public\index.php(45): CodeIgniter\CodeIgniter->run()
#8 C:\xampp7\htdocs\spk_wahyu\vendor\codeigniter4\framework\system\Commands\Server\rewrite.php(34): require_once('C:\\xampp7\\htdoc...')
#9 {main}
