CRITICAL - 2021-12-04 00:46:06 --> Undefined index: nama_alternatif
#0 C:\xampp\htdocs\spk_wahyu\app\Views\Admin\Index.php(37): CodeIgniter\Debug\Exceptions->errorHandler(8, 'Undefined index...', 'C:\\xampp\\htdocs...', 37, Array)
#1 C:\xampp\htdocs\spk_wahyu\vendor\codeigniter4\framework\system\View\View.php(220): include('C:\\xampp\\htdocs...')
#2 C:\xampp\htdocs\spk_wahyu\vendor\codeigniter4\framework\system\View\View.php(222): CodeIgniter\View\View->CodeIgniter\View\{closure}()
#3 C:\xampp\htdocs\spk_wahyu\vendor\codeigniter4\framework\system\View\View.php(236): CodeIgniter\View\View->render('Admin/Index', Array, true)
#4 C:\xampp\htdocs\spk_wahyu\vendor\codeigniter4\framework\system\Common.php(1217): CodeIgniter\View\View->render('Admin/Content/D...', Array, true)
#5 C:\xampp\htdocs\spk_wahyu\app\Controllers\Admin\Dashboard.php(22): view('Admin/Content/D...', Array)
#6 C:\xampp\htdocs\spk_wahyu\vendor\codeigniter4\framework\system\CodeIgniter.php(935): App\Controllers\Admin\Dashboard->index()
#7 C:\xampp\htdocs\spk_wahyu\vendor\codeigniter4\framework\system\CodeIgniter.php(431): CodeIgniter\CodeIgniter->runController(Object(App\Controllers\Admin\Dashboard))
#8 C:\xampp\htdocs\spk_wahyu\vendor\codeigniter4\framework\system\CodeIgniter.php(332): CodeIgniter\CodeIgniter->handleRequest(NULL, Object(Config\Cache), false)
#9 C:\xampp\htdocs\spk_wahyu\public\index.php(45): CodeIgniter\CodeIgniter->run()
#10 C:\xampp\htdocs\spk_wahyu\vendor\codeigniter4\framework\system\Commands\Server\rewrite.php(45): require_once('C:\\xampp\\htdocs...')
#11 {main}
CRITICAL - 2021-12-04 00:46:24 --> count(): Parameter must be an array or an object that implements Countable
#0 C:\xampp\htdocs\spk_wahyu\app\Views\Admin\Index.php(37): CodeIgniter\Debug\Exceptions->errorHandler(2, 'count(): Parame...', 'C:\\xampp\\htdocs...', 37, Array)
#1 C:\xampp\htdocs\spk_wahyu\vendor\codeigniter4\framework\system\View\View.php(220): include('C:\\xampp\\htdocs...')
#2 C:\xampp\htdocs\spk_wahyu\vendor\codeigniter4\framework\system\View\View.php(222): CodeIgniter\View\View->CodeIgniter\View\{closure}()
#3 C:\xampp\htdocs\spk_wahyu\vendor\codeigniter4\framework\system\View\View.php(236): CodeIgniter\View\View->render('Admin/Index', Array, true)
#4 C:\xampp\htdocs\spk_wahyu\vendor\codeigniter4\framework\system\Common.php(1217): CodeIgniter\View\View->render('Admin/Content/D...', Array, true)
#5 C:\xampp\htdocs\spk_wahyu\app\Controllers\Admin\Dashboard.php(22): view('Admin/Content/D...', Array)
#6 C:\xampp\htdocs\spk_wahyu\vendor\codeigniter4\framework\system\CodeIgniter.php(935): App\Controllers\Admin\Dashboard->index()
#7 C:\xampp\htdocs\spk_wahyu\vendor\codeigniter4\framework\system\CodeIgniter.php(431): CodeIgniter\CodeIgniter->runController(Object(App\Controllers\Admin\Dashboard))
#8 C:\xampp\htdocs\spk_wahyu\vendor\codeigniter4\framework\system\CodeIgniter.php(332): CodeIgniter\CodeIgniter->handleRequest(NULL, Object(Config\Cache), false)
#9 C:\xampp\htdocs\spk_wahyu\public\index.php(45): CodeIgniter\CodeIgniter->run()
#10 C:\xampp\htdocs\spk_wahyu\vendor\codeigniter4\framework\system\Commands\Server\rewrite.php(45): require_once('C:\\xampp\\htdocs...')
#11 {main}
CRITICAL - 2021-12-04 00:46:40 --> Undefined index: nama_alternatif
#0 C:\xampp\htdocs\spk_wahyu\app\Views\Admin\Index.php(38): CodeIgniter\Debug\Exceptions->errorHandler(8, 'Undefined index...', 'C:\\xampp\\htdocs...', 38, Array)
#1 C:\xampp\htdocs\spk_wahyu\vendor\codeigniter4\framework\system\View\View.php(220): include('C:\\xampp\\htdocs...')
#2 C:\xampp\htdocs\spk_wahyu\vendor\codeigniter4\framework\system\View\View.php(222): CodeIgniter\View\View->CodeIgniter\View\{closure}()
#3 C:\xampp\htdocs\spk_wahyu\vendor\codeigniter4\framework\system\View\View.php(236): CodeIgniter\View\View->render('Admin/Index', Array, true)
#4 C:\xampp\htdocs\spk_wahyu\vendor\codeigniter4\framework\system\Common.php(1217): CodeIgniter\View\View->render('Admin/Content/D...', Array, true)
#5 C:\xampp\htdocs\spk_wahyu\app\Controllers\Admin\Dashboard.php(22): view('Admin/Content/D...', Array)
#6 C:\xampp\htdocs\spk_wahyu\vendor\codeigniter4\framework\system\CodeIgniter.php(935): App\Controllers\Admin\Dashboard->index()
#7 C:\xampp\htdocs\spk_wahyu\vendor\codeigniter4\framework\system\CodeIgniter.php(431): CodeIgniter\CodeIgniter->runController(Object(App\Controllers\Admin\Dashboard))
#8 C:\xampp\htdocs\spk_wahyu\vendor\codeigniter4\framework\system\CodeIgniter.php(332): CodeIgniter\CodeIgniter->handleRequest(NULL, Object(Config\Cache), false)
#9 C:\xampp\htdocs\spk_wahyu\public\index.php(45): CodeIgniter\CodeIgniter->run()
#10 C:\xampp\htdocs\spk_wahyu\vendor\codeigniter4\framework\system\Commands\Server\rewrite.php(45): require_once('C:\\xampp\\htdocs...')
#11 {main}
CRITICAL - 2021-12-04 00:47:05 --> Array to string conversion
#0 C:\xampp\htdocs\spk_wahyu\app\Views\Admin\Index.php(45): CodeIgniter\Debug\Exceptions->errorHandler(8, 'Array to string...', 'C:\\xampp\\htdocs...', 45, Array)
#1 C:\xampp\htdocs\spk_wahyu\vendor\codeigniter4\framework\system\View\View.php(220): include('C:\\xampp\\htdocs...')
#2 C:\xampp\htdocs\spk_wahyu\vendor\codeigniter4\framework\system\View\View.php(222): CodeIgniter\View\View->CodeIgniter\View\{closure}()
#3 C:\xampp\htdocs\spk_wahyu\vendor\codeigniter4\framework\system\View\View.php(236): CodeIgniter\View\View->render('Admin/Index', Array, true)
#4 C:\xampp\htdocs\spk_wahyu\vendor\codeigniter4\framework\system\Common.php(1217): CodeIgniter\View\View->render('Admin/Content/D...', Array, true)
#5 C:\xampp\htdocs\spk_wahyu\app\Controllers\Admin\Dashboard.php(22): view('Admin/Content/D...', Array)
#6 C:\xampp\htdocs\spk_wahyu\vendor\codeigniter4\framework\system\CodeIgniter.php(935): App\Controllers\Admin\Dashboard->index()
#7 C:\xampp\htdocs\spk_wahyu\vendor\codeigniter4\framework\system\CodeIgniter.php(431): CodeIgniter\CodeIgniter->runController(Object(App\Controllers\Admin\Dashboard))
#8 C:\xampp\htdocs\spk_wahyu\vendor\codeigniter4\framework\system\CodeIgniter.php(332): CodeIgniter\CodeIgniter->handleRequest(NULL, Object(Config\Cache), false)
#9 C:\xampp\htdocs\spk_wahyu\public\index.php(45): CodeIgniter\CodeIgniter->run()
#10 C:\xampp\htdocs\spk_wahyu\vendor\codeigniter4\framework\system\Commands\Server\rewrite.php(45): require_once('C:\\xampp\\htdocs...')
#11 {main}
CRITICAL - 2021-12-04 00:48:16 --> Array to string conversion
#0 C:\xampp\htdocs\spk_wahyu\app\Views\Admin\Index.php(46): CodeIgniter\Debug\Exceptions->errorHandler(8, 'Array to string...', 'C:\\xampp\\htdocs...', 46, Array)
#1 C:\xampp\htdocs\spk_wahyu\vendor\codeigniter4\framework\system\View\View.php(220): include('C:\\xampp\\htdocs...')
#2 C:\xampp\htdocs\spk_wahyu\vendor\codeigniter4\framework\system\View\View.php(222): CodeIgniter\View\View->CodeIgniter\View\{closure}()
#3 C:\xampp\htdocs\spk_wahyu\vendor\codeigniter4\framework\system\View\View.php(236): CodeIgniter\View\View->render('Admin/Index', Array, true)
#4 C:\xampp\htdocs\spk_wahyu\vendor\codeigniter4\framework\system\Common.php(1217): CodeIgniter\View\View->render('Admin/Content/D...', Array, true)
#5 C:\xampp\htdocs\spk_wahyu\app\Controllers\Admin\Dashboard.php(22): view('Admin/Content/D...', Array)
#6 C:\xampp\htdocs\spk_wahyu\vendor\codeigniter4\framework\system\CodeIgniter.php(935): App\Controllers\Admin\Dashboard->index()
#7 C:\xampp\htdocs\spk_wahyu\vendor\codeigniter4\framework\system\CodeIgniter.php(431): CodeIgniter\CodeIgniter->runController(Object(App\Controllers\Admin\Dashboard))
#8 C:\xampp\htdocs\spk_wahyu\vendor\codeigniter4\framework\system\CodeIgniter.php(332): CodeIgniter\CodeIgniter->handleRequest(NULL, Object(Config\Cache), false)
#9 C:\xampp\htdocs\spk_wahyu\public\index.php(45): CodeIgniter\CodeIgniter->run()
#10 C:\xampp\htdocs\spk_wahyu\vendor\codeigniter4\framework\system\Commands\Server\rewrite.php(45): require_once('C:\\xampp\\htdocs...')
#11 {main}
CRITICAL - 2021-12-04 00:52:18 --> Array to string conversion
#0 C:\xampp\htdocs\spk_wahyu\app\Views\Admin\Index.php(58): CodeIgniter\Debug\Exceptions->errorHandler(8, 'Array to string...', 'C:\\xampp\\htdocs...', 58, Array)
#1 C:\xampp\htdocs\spk_wahyu\vendor\codeigniter4\framework\system\View\View.php(220): include('C:\\xampp\\htdocs...')
#2 C:\xampp\htdocs\spk_wahyu\vendor\codeigniter4\framework\system\View\View.php(222): CodeIgniter\View\View->CodeIgniter\View\{closure}()
#3 C:\xampp\htdocs\spk_wahyu\vendor\codeigniter4\framework\system\View\View.php(236): CodeIgniter\View\View->render('Admin/Index', Array, true)
#4 C:\xampp\htdocs\spk_wahyu\vendor\codeigniter4\framework\system\Common.php(1217): CodeIgniter\View\View->render('Admin/Content/D...', Array, true)
#5 C:\xampp\htdocs\spk_wahyu\app\Controllers\Admin\Dashboard.php(22): view('Admin/Content/D...', Array)
#6 C:\xampp\htdocs\spk_wahyu\vendor\codeigniter4\framework\system\CodeIgniter.php(935): App\Controllers\Admin\Dashboard->index()
#7 C:\xampp\htdocs\spk_wahyu\vendor\codeigniter4\framework\system\CodeIgniter.php(431): CodeIgniter\CodeIgniter->runController(Object(App\Controllers\Admin\Dashboard))
#8 C:\xampp\htdocs\spk_wahyu\vendor\codeigniter4\framework\system\CodeIgniter.php(332): CodeIgniter\CodeIgniter->handleRequest(NULL, Object(Config\Cache), false)
#9 C:\xampp\htdocs\spk_wahyu\public\index.php(45): CodeIgniter\CodeIgniter->run()
#10 C:\xampp\htdocs\spk_wahyu\vendor\codeigniter4\framework\system\Commands\Server\rewrite.php(45): require_once('C:\\xampp\\htdocs...')
#11 {main}
CRITICAL - 2021-12-04 01:04:41 --> Array to string conversion
#0 C:\xampp\htdocs\spk_wahyu\app\Views\Admin\Index.php(37): CodeIgniter\Debug\Exceptions->errorHandler(8, 'Array to string...', 'C:\\xampp\\htdocs...', 37, Array)
#1 C:\xampp\htdocs\spk_wahyu\vendor\codeigniter4\framework\system\View\View.php(220): include('C:\\xampp\\htdocs...')
#2 C:\xampp\htdocs\spk_wahyu\vendor\codeigniter4\framework\system\View\View.php(222): CodeIgniter\View\View->CodeIgniter\View\{closure}()
#3 C:\xampp\htdocs\spk_wahyu\vendor\codeigniter4\framework\system\View\View.php(236): CodeIgniter\View\View->render('Admin/Index', Array, true)
#4 C:\xampp\htdocs\spk_wahyu\vendor\codeigniter4\framework\system\Common.php(1217): CodeIgniter\View\View->render('Admin/Content/D...', Array, true)
#5 C:\xampp\htdocs\spk_wahyu\app\Controllers\Admin\Dashboard.php(22): view('Admin/Content/D...', Array)
#6 C:\xampp\htdocs\spk_wahyu\vendor\codeigniter4\framework\system\CodeIgniter.php(935): App\Controllers\Admin\Dashboard->index()
#7 C:\xampp\htdocs\spk_wahyu\vendor\codeigniter4\framework\system\CodeIgniter.php(431): CodeIgniter\CodeIgniter->runController(Object(App\Controllers\Admin\Dashboard))
#8 C:\xampp\htdocs\spk_wahyu\vendor\codeigniter4\framework\system\CodeIgniter.php(332): CodeIgniter\CodeIgniter->handleRequest(NULL, Object(Config\Cache), false)
#9 C:\xampp\htdocs\spk_wahyu\public\index.php(45): CodeIgniter\CodeIgniter->run()
#10 C:\xampp\htdocs\spk_wahyu\vendor\codeigniter4\framework\system\Commands\Server\rewrite.php(45): require_once('C:\\xampp\\htdocs...')
#11 {main}
CRITICAL - 2021-12-04 01:06:07 --> Array to string conversion
#0 C:\xampp\htdocs\spk_wahyu\app\Views\Admin\Index.php(37): CodeIgniter\Debug\Exceptions->errorHandler(8, 'Array to string...', 'C:\\xampp\\htdocs...', 37, Array)
#1 C:\xampp\htdocs\spk_wahyu\vendor\codeigniter4\framework\system\View\View.php(220): include('C:\\xampp\\htdocs...')
#2 C:\xampp\htdocs\spk_wahyu\vendor\codeigniter4\framework\system\View\View.php(222): CodeIgniter\View\View->CodeIgniter\View\{closure}()
#3 C:\xampp\htdocs\spk_wahyu\vendor\codeigniter4\framework\system\View\View.php(236): CodeIgniter\View\View->render('Admin/Index', Array, true)
#4 C:\xampp\htdocs\spk_wahyu\vendor\codeigniter4\framework\system\Common.php(1217): CodeIgniter\View\View->render('Admin/Content/D...', Array, true)
#5 C:\xampp\htdocs\spk_wahyu\app\Controllers\Admin\Dashboard.php(22): view('Admin/Content/D...', Array)
#6 C:\xampp\htdocs\spk_wahyu\vendor\codeigniter4\framework\system\CodeIgniter.php(935): App\Controllers\Admin\Dashboard->index()
#7 C:\xampp\htdocs\spk_wahyu\vendor\codeigniter4\framework\system\CodeIgniter.php(431): CodeIgniter\CodeIgniter->runController(Object(App\Controllers\Admin\Dashboard))
#8 C:\xampp\htdocs\spk_wahyu\vendor\codeigniter4\framework\system\CodeIgniter.php(332): CodeIgniter\CodeIgniter->handleRequest(NULL, Object(Config\Cache), false)
#9 C:\xampp\htdocs\spk_wahyu\public\index.php(45): CodeIgniter\CodeIgniter->run()
#10 C:\xampp\htdocs\spk_wahyu\vendor\codeigniter4\framework\system\Commands\Server\rewrite.php(45): require_once('C:\\xampp\\htdocs...')
#11 {main}
CRITICAL - 2021-12-04 02:16:41 --> Array to string conversion
#0 C:\xampp\htdocs\spk_wahyu\app\Views\Admin\Index.php(37): CodeIgniter\Debug\Exceptions->errorHandler(8, 'Array to string...', 'C:\\xampp\\htdocs...', 37, Array)
#1 C:\xampp\htdocs\spk_wahyu\vendor\codeigniter4\framework\system\View\View.php(220): include('C:\\xampp\\htdocs...')
#2 C:\xampp\htdocs\spk_wahyu\vendor\codeigniter4\framework\system\View\View.php(222): CodeIgniter\View\View->CodeIgniter\View\{closure}()
#3 C:\xampp\htdocs\spk_wahyu\vendor\codeigniter4\framework\system\View\View.php(236): CodeIgniter\View\View->render('Admin/Index', Array, true)
#4 C:\xampp\htdocs\spk_wahyu\vendor\codeigniter4\framework\system\Common.php(1217): CodeIgniter\View\View->render('Admin/Content/D...', Array, true)
#5 C:\xampp\htdocs\spk_wahyu\app\Controllers\Admin\Dashboard.php(22): view('Admin/Content/D...', Array)
#6 C:\xampp\htdocs\spk_wahyu\vendor\codeigniter4\framework\system\CodeIgniter.php(935): App\Controllers\Admin\Dashboard->index()
#7 C:\xampp\htdocs\spk_wahyu\vendor\codeigniter4\framework\system\CodeIgniter.php(431): CodeIgniter\CodeIgniter->runController(Object(App\Controllers\Admin\Dashboard))
#8 C:\xampp\htdocs\spk_wahyu\vendor\codeigniter4\framework\system\CodeIgniter.php(332): CodeIgniter\CodeIgniter->handleRequest(NULL, Object(Config\Cache), false)
#9 C:\xampp\htdocs\spk_wahyu\public\index.php(45): CodeIgniter\CodeIgniter->run()
#10 C:\xampp\htdocs\spk_wahyu\vendor\codeigniter4\framework\system\Commands\Server\rewrite.php(45): require_once('C:\\xampp\\htdocs...')
#11 {main}
CRITICAL - 2021-12-04 02:18:51 --> Trying to get property 'nama_alternatif' of non-object
#0 C:\xampp\htdocs\spk_wahyu\app\Views\Admin\Index.php(35): CodeIgniter\Debug\Exceptions->errorHandler(8, 'Trying to get p...', 'C:\\xampp\\htdocs...', 35, Array)
#1 C:\xampp\htdocs\spk_wahyu\vendor\codeigniter4\framework\system\View\View.php(220): include('C:\\xampp\\htdocs...')
#2 C:\xampp\htdocs\spk_wahyu\vendor\codeigniter4\framework\system\View\View.php(222): CodeIgniter\View\View->CodeIgniter\View\{closure}()
#3 C:\xampp\htdocs\spk_wahyu\vendor\codeigniter4\framework\system\View\View.php(236): CodeIgniter\View\View->render('Admin/Index', Array, true)
#4 C:\xampp\htdocs\spk_wahyu\vendor\codeigniter4\framework\system\Common.php(1217): CodeIgniter\View\View->render('Admin/Content/D...', Array, true)
#5 C:\xampp\htdocs\spk_wahyu\app\Controllers\Admin\Dashboard.php(22): view('Admin/Content/D...', Array)
#6 C:\xampp\htdocs\spk_wahyu\vendor\codeigniter4\framework\system\CodeIgniter.php(935): App\Controllers\Admin\Dashboard->index()
#7 C:\xampp\htdocs\spk_wahyu\vendor\codeigniter4\framework\system\CodeIgniter.php(431): CodeIgniter\CodeIgniter->runController(Object(App\Controllers\Admin\Dashboard))
#8 C:\xampp\htdocs\spk_wahyu\vendor\codeigniter4\framework\system\CodeIgniter.php(332): CodeIgniter\CodeIgniter->handleRequest(NULL, Object(Config\Cache), false)
#9 C:\xampp\htdocs\spk_wahyu\public\index.php(45): CodeIgniter\CodeIgniter->run()
#10 C:\xampp\htdocs\spk_wahyu\vendor\codeigniter4\framework\system\Commands\Server\rewrite.php(45): require_once('C:\\xampp\\htdocs...')
#11 {main}
CRITICAL - 2021-12-04 02:57:36 --> Undefined variable: kriteria
#0 C:\xampp\htdocs\spk_wahyu\app\Views\Admin\Content\Dashboard.php(31): CodeIgniter\Debug\Exceptions->errorHandler(8, 'Undefined varia...', 'C:\\xampp\\htdocs...', 31, Array)
#1 C:\xampp\htdocs\spk_wahyu\vendor\codeigniter4\framework\system\View\View.php(220): include('C:\\xampp\\htdocs...')
#2 C:\xampp\htdocs\spk_wahyu\vendor\codeigniter4\framework\system\View\View.php(222): CodeIgniter\View\View->CodeIgniter\View\{closure}()
#3 C:\xampp\htdocs\spk_wahyu\vendor\codeigniter4\framework\system\Common.php(1217): CodeIgniter\View\View->render('Admin/Content/D...', Array, true)
#4 C:\xampp\htdocs\spk_wahyu\app\Controllers\Admin\Dashboard.php(21): view('Admin/Content/D...', Array)
#5 C:\xampp\htdocs\spk_wahyu\vendor\codeigniter4\framework\system\CodeIgniter.php(935): App\Controllers\Admin\Dashboard->index()
#6 C:\xampp\htdocs\spk_wahyu\vendor\codeigniter4\framework\system\CodeIgniter.php(431): CodeIgniter\CodeIgniter->runController(Object(App\Controllers\Admin\Dashboard))
#7 C:\xampp\htdocs\spk_wahyu\vendor\codeigniter4\framework\system\CodeIgniter.php(332): CodeIgniter\CodeIgniter->handleRequest(NULL, Object(Config\Cache), false)
#8 C:\xampp\htdocs\spk_wahyu\public\index.php(45): CodeIgniter\CodeIgniter->run()
#9 C:\xampp\htdocs\spk_wahyu\vendor\codeigniter4\framework\system\Commands\Server\rewrite.php(45): require_once('C:\\xampp\\htdocs...')
#10 {main}
CRITICAL - 2021-12-04 03:02:07 --> Unknown column 'SK12567' in 'where clause'
#0 C:\xampp\htdocs\spk_wahyu\vendor\codeigniter4\framework\system\Database\MySQLi\Connection.php(314): mysqli->query('SELECT *\nFROM `...')
#1 C:\xampp\htdocs\spk_wahyu\vendor\codeigniter4\framework\system\Database\BaseConnection.php(715): CodeIgniter\Database\MySQLi\Connection->execute('SELECT *\nFROM `...')
#2 C:\xampp\htdocs\spk_wahyu\vendor\codeigniter4\framework\system\Database\BaseConnection.php(643): CodeIgniter\Database\BaseConnection->simpleQuery('SELECT *\nFROM `...')
#3 C:\xampp\htdocs\spk_wahyu\vendor\codeigniter4\framework\system\Database\BaseBuilder.php(1866): CodeIgniter\Database\BaseConnection->query('SELECT *\nFROM `...', Array, false)
#4 C:\xampp\htdocs\spk_wahyu\app\Models\Crud_model.php(33): CodeIgniter\Database\BaseBuilder->get()
#5 C:\xampp\htdocs\spk_wahyu\app\Controllers\Admin\Products_keluar.php(28): App\Models\Crud_model->read_data_all_where1('produk_keluar', 'nomor_suku_cada...', 'SK12567', true, 'tanggal', 'ASC')
#6 C:\xampp\htdocs\spk_wahyu\vendor\codeigniter4\framework\system\CodeIgniter.php(935): App\Controllers\Admin\Products_keluar->detail('SK12567')
#7 C:\xampp\htdocs\spk_wahyu\vendor\codeigniter4\framework\system\CodeIgniter.php(431): CodeIgniter\CodeIgniter->runController(Object(App\Controllers\Admin\Products_keluar))
#8 C:\xampp\htdocs\spk_wahyu\vendor\codeigniter4\framework\system\CodeIgniter.php(332): CodeIgniter\CodeIgniter->handleRequest(NULL, Object(Config\Cache), false)
#9 C:\xampp\htdocs\spk_wahyu\public\index.php(45): CodeIgniter\CodeIgniter->run()
#10 C:\xampp\htdocs\spk_wahyu\vendor\codeigniter4\framework\system\Commands\Server\rewrite.php(45): require_once('C:\\xampp\\htdocs...')
#11 {main}
CRITICAL - 2021-12-04 03:02:47 --> Unknown column 'SK12567' in 'where clause'
#0 C:\xampp\htdocs\spk_wahyu\vendor\codeigniter4\framework\system\Database\MySQLi\Connection.php(314): mysqli->query('SELECT *\nFROM `...')
#1 C:\xampp\htdocs\spk_wahyu\vendor\codeigniter4\framework\system\Database\BaseConnection.php(715): CodeIgniter\Database\MySQLi\Connection->execute('SELECT *\nFROM `...')
#2 C:\xampp\htdocs\spk_wahyu\vendor\codeigniter4\framework\system\Database\BaseConnection.php(643): CodeIgniter\Database\BaseConnection->simpleQuery('SELECT *\nFROM `...')
#3 C:\xampp\htdocs\spk_wahyu\vendor\codeigniter4\framework\system\Database\BaseBuilder.php(1866): CodeIgniter\Database\BaseConnection->query('SELECT *\nFROM `...', Array, false)
#4 C:\xampp\htdocs\spk_wahyu\app\Models\Crud_model.php(33): CodeIgniter\Database\BaseBuilder->get()
#5 C:\xampp\htdocs\spk_wahyu\app\Controllers\Admin\Products_keluar.php(28): App\Models\Crud_model->read_data_all_where1('produk_keluar', 'nomor_suku_cada...', 'SK12567', true, 'tanggal', 'ASC')
#6 C:\xampp\htdocs\spk_wahyu\vendor\codeigniter4\framework\system\CodeIgniter.php(935): App\Controllers\Admin\Products_keluar->detail('SK12567')
#7 C:\xampp\htdocs\spk_wahyu\vendor\codeigniter4\framework\system\CodeIgniter.php(431): CodeIgniter\CodeIgniter->runController(Object(App\Controllers\Admin\Products_keluar))
#8 C:\xampp\htdocs\spk_wahyu\vendor\codeigniter4\framework\system\CodeIgniter.php(332): CodeIgniter\CodeIgniter->handleRequest(NULL, Object(Config\Cache), false)
#9 C:\xampp\htdocs\spk_wahyu\public\index.php(45): CodeIgniter\CodeIgniter->run()
#10 C:\xampp\htdocs\spk_wahyu\vendor\codeigniter4\framework\system\Commands\Server\rewrite.php(45): require_once('C:\\xampp\\htdocs...')
#11 {main}
