CRITICAL - 2021-01-24 02:01:08 --> Undefined index: kriteria
#0 C:\xampp7\htdocs\spk_wahyu\app\Models\Crud_model.php(126): CodeIgniter\Debug\Exceptions->errorHandler(8, 'Undefined index...', 'C:\\xampp7\\htdoc...', 126, Array)
#1 C:\xampp7\htdocs\spk_wahyu\app\Controllers\Admin\Sub_kriteria.php(46): App\Models\Crud_model->save_data_rank(Array, 'tb_sub_kriteria', true, 'id_krit', '1')
#2 C:\xampp7\htdocs\spk_wahyu\vendor\codeigniter4\framework\system\CodeIgniter.php(918): App\Controllers\Admin\Sub_kriteria->store('1')
#3 C:\xampp7\htdocs\spk_wahyu\vendor\codeigniter4\framework\system\CodeIgniter.php(404): CodeIgniter\CodeIgniter->runController(Object(App\Controllers\Admin\Sub_kriteria))
#4 C:\xampp7\htdocs\spk_wahyu\vendor\codeigniter4\framework\system\CodeIgniter.php(312): CodeIgniter\CodeIgniter->handleRequest(NULL, Object(Config\Cache), false)
#5 C:\xampp7\htdocs\spk_wahyu\public\index.php(45): CodeIgniter\CodeIgniter->run()
#6 C:\xampp7\htdocs\spk_wahyu\vendor\codeigniter4\framework\system\Commands\Server\rewrite.php(34): require_once('C:\\xampp7\\htdoc...')
#7 {main}
CRITICAL - 2021-01-24 02:01:40 --> Unknown column 'nama_kriteria' in 'field list'
#0 C:\xampp7\htdocs\spk_wahyu\vendor\codeigniter4\framework\system\Database\MySQLi\Connection.php(331): mysqli->query('INSERT INTO `tb...')
#1 C:\xampp7\htdocs\spk_wahyu\vendor\codeigniter4\framework\system\Database\BaseConnection.php(741): CodeIgniter\Database\MySQLi\Connection->execute('INSERT INTO `tb...')
#2 C:\xampp7\htdocs\spk_wahyu\vendor\codeigniter4\framework\system\Database\BaseConnection.php(669): CodeIgniter\Database\BaseConnection->simpleQuery('INSERT INTO `tb...')
#3 C:\xampp7\htdocs\spk_wahyu\vendor\codeigniter4\framework\system\Database\BaseBuilder.php(2249): CodeIgniter\Database\BaseConnection->query('INSERT INTO `tb...', Array, false)
#4 C:\xampp7\htdocs\spk_wahyu\app\Models\Crud_model.php(41): CodeIgniter\Database\BaseBuilder->insert(Array)
#5 C:\xampp7\htdocs\spk_wahyu\app\Models\Crud_model.php(130): App\Models\Crud_model->save_data_input('tb_sub_kriteria', Array, true, 'id_krit', '1')
#6 C:\xampp7\htdocs\spk_wahyu\app\Controllers\Admin\Sub_kriteria.php(46): App\Models\Crud_model->save_data_rank(Array, 'tb_sub_kriteria', true, 'id_krit', '1')
#7 C:\xampp7\htdocs\spk_wahyu\vendor\codeigniter4\framework\system\CodeIgniter.php(918): App\Controllers\Admin\Sub_kriteria->store('1')
#8 C:\xampp7\htdocs\spk_wahyu\vendor\codeigniter4\framework\system\CodeIgniter.php(404): CodeIgniter\CodeIgniter->runController(Object(App\Controllers\Admin\Sub_kriteria))
#9 C:\xampp7\htdocs\spk_wahyu\vendor\codeigniter4\framework\system\CodeIgniter.php(312): CodeIgniter\CodeIgniter->handleRequest(NULL, Object(Config\Cache), false)
#10 C:\xampp7\htdocs\spk_wahyu\public\index.php(45): CodeIgniter\CodeIgniter->run()
#11 C:\xampp7\htdocs\spk_wahyu\vendor\codeigniter4\framework\system\Commands\Server\rewrite.php(34): require_once('C:\\xampp7\\htdoc...')
#12 {main}
CRITICAL - 2021-01-24 02:02:46 --> The action you requested is not allowed.
#0 C:\xampp7\htdocs\spk_wahyu\vendor\codeigniter4\framework\system\Security\Security.php(233): CodeIgniter\Security\Exceptions\SecurityException::forDisallowedAction()
#1 C:\xampp7\htdocs\spk_wahyu\vendor\codeigniter4\framework\system\Filters\CSRF.php(88): CodeIgniter\Security\Security->CSRFVerify(Object(CodeIgniter\HTTP\IncomingRequest))
#2 C:\xampp7\htdocs\spk_wahyu\vendor\codeigniter4\framework\system\Filters\Filters.php(173): CodeIgniter\Filters\CSRF->before(Object(CodeIgniter\HTTP\IncomingRequest), NULL)
#3 C:\xampp7\htdocs\spk_wahyu\vendor\codeigniter4\framework\system\CodeIgniter.php(382): CodeIgniter\Filters\Filters->run('search', 'before')
#4 C:\xampp7\htdocs\spk_wahyu\vendor\codeigniter4\framework\system\CodeIgniter.php(312): CodeIgniter\CodeIgniter->handleRequest(NULL, Object(Config\Cache), false)
#5 C:\xampp7\htdocs\spk_wahyu\public\index.php(45): CodeIgniter\CodeIgniter->run()
#6 C:\xampp7\htdocs\spk_wahyu\vendor\codeigniter4\framework\system\Commands\Server\rewrite.php(34): require_once('C:\\xampp7\\htdoc...')
#7 {main}
CRITICAL - 2021-01-24 02:03:35 --> The action you requested is not allowed.
#0 C:\xampp7\htdocs\spk_wahyu\vendor\codeigniter4\framework\system\Security\Security.php(233): CodeIgniter\Security\Exceptions\SecurityException::forDisallowedAction()
#1 C:\xampp7\htdocs\spk_wahyu\vendor\codeigniter4\framework\system\Filters\CSRF.php(88): CodeIgniter\Security\Security->CSRFVerify(Object(CodeIgniter\HTTP\IncomingRequest))
#2 C:\xampp7\htdocs\spk_wahyu\vendor\codeigniter4\framework\system\Filters\Filters.php(173): CodeIgniter\Filters\CSRF->before(Object(CodeIgniter\HTTP\IncomingRequest), NULL)
#3 C:\xampp7\htdocs\spk_wahyu\vendor\codeigniter4\framework\system\CodeIgniter.php(382): CodeIgniter\Filters\Filters->run('search', 'before')
#4 C:\xampp7\htdocs\spk_wahyu\vendor\codeigniter4\framework\system\CodeIgniter.php(312): CodeIgniter\CodeIgniter->handleRequest(NULL, Object(Config\Cache), false)
#5 C:\xampp7\htdocs\spk_wahyu\public\index.php(45): CodeIgniter\CodeIgniter->run()
#6 C:\xampp7\htdocs\spk_wahyu\vendor\codeigniter4\framework\system\Commands\Server\rewrite.php(34): require_once('C:\\xampp7\\htdoc...')
#7 {main}
CRITICAL - 2021-01-24 02:03:37 --> The action you requested is not allowed.
#0 C:\xampp7\htdocs\spk_wahyu\vendor\codeigniter4\framework\system\Security\Security.php(233): CodeIgniter\Security\Exceptions\SecurityException::forDisallowedAction()
#1 C:\xampp7\htdocs\spk_wahyu\vendor\codeigniter4\framework\system\Filters\CSRF.php(88): CodeIgniter\Security\Security->CSRFVerify(Object(CodeIgniter\HTTP\IncomingRequest))
#2 C:\xampp7\htdocs\spk_wahyu\vendor\codeigniter4\framework\system\Filters\Filters.php(173): CodeIgniter\Filters\CSRF->before(Object(CodeIgniter\HTTP\IncomingRequest), NULL)
#3 C:\xampp7\htdocs\spk_wahyu\vendor\codeigniter4\framework\system\CodeIgniter.php(382): CodeIgniter\Filters\Filters->run('search', 'before')
#4 C:\xampp7\htdocs\spk_wahyu\vendor\codeigniter4\framework\system\CodeIgniter.php(312): CodeIgniter\CodeIgniter->handleRequest(NULL, Object(Config\Cache), false)
#5 C:\xampp7\htdocs\spk_wahyu\public\index.php(45): CodeIgniter\CodeIgniter->run()
#6 C:\xampp7\htdocs\spk_wahyu\vendor\codeigniter4\framework\system\Commands\Server\rewrite.php(34): require_once('C:\\xampp7\\htdoc...')
#7 {main}
CRITICAL - 2021-01-24 02:03:46 --> The action you requested is not allowed.
#0 C:\xampp7\htdocs\spk_wahyu\vendor\codeigniter4\framework\system\Security\Security.php(233): CodeIgniter\Security\Exceptions\SecurityException::forDisallowedAction()
#1 C:\xampp7\htdocs\spk_wahyu\vendor\codeigniter4\framework\system\Filters\CSRF.php(88): CodeIgniter\Security\Security->CSRFVerify(Object(CodeIgniter\HTTP\IncomingRequest))
#2 C:\xampp7\htdocs\spk_wahyu\vendor\codeigniter4\framework\system\Filters\Filters.php(173): CodeIgniter\Filters\CSRF->before(Object(CodeIgniter\HTTP\IncomingRequest), NULL)
#3 C:\xampp7\htdocs\spk_wahyu\vendor\codeigniter4\framework\system\CodeIgniter.php(382): CodeIgniter\Filters\Filters->run('search', 'before')
#4 C:\xampp7\htdocs\spk_wahyu\vendor\codeigniter4\framework\system\CodeIgniter.php(312): CodeIgniter\CodeIgniter->handleRequest(NULL, Object(Config\Cache), false)
#5 C:\xampp7\htdocs\spk_wahyu\public\index.php(45): CodeIgniter\CodeIgniter->run()
#6 C:\xampp7\htdocs\spk_wahyu\vendor\codeigniter4\framework\system\Commands\Server\rewrite.php(34): require_once('C:\\xampp7\\htdoc...')
#7 {main}
CRITICAL - 2021-01-24 02:04:10 --> The action you requested is not allowed.
#0 C:\xampp7\htdocs\spk_wahyu\vendor\codeigniter4\framework\system\Security\Security.php(233): CodeIgniter\Security\Exceptions\SecurityException::forDisallowedAction()
#1 C:\xampp7\htdocs\spk_wahyu\vendor\codeigniter4\framework\system\Filters\CSRF.php(88): CodeIgniter\Security\Security->CSRFVerify(Object(CodeIgniter\HTTP\IncomingRequest))
#2 C:\xampp7\htdocs\spk_wahyu\vendor\codeigniter4\framework\system\Filters\Filters.php(173): CodeIgniter\Filters\CSRF->before(Object(CodeIgniter\HTTP\IncomingRequest), NULL)
#3 C:\xampp7\htdocs\spk_wahyu\vendor\codeigniter4\framework\system\CodeIgniter.php(382): CodeIgniter\Filters\Filters->run('search', 'before')
#4 C:\xampp7\htdocs\spk_wahyu\vendor\codeigniter4\framework\system\CodeIgniter.php(312): CodeIgniter\CodeIgniter->handleRequest(NULL, Object(Config\Cache), false)
#5 C:\xampp7\htdocs\spk_wahyu\public\index.php(45): CodeIgniter\CodeIgniter->run()
#6 C:\xampp7\htdocs\spk_wahyu\vendor\codeigniter4\framework\system\Commands\Server\rewrite.php(34): require_once('C:\\xampp7\\htdoc...')
#7 {main}
CRITICAL - 2021-01-24 02:55:50 --> The action you requested is not allowed.
#0 C:\xampp7\htdocs\spk_wahyu\vendor\codeigniter4\framework\system\Security\Security.php(233): CodeIgniter\Security\Exceptions\SecurityException::forDisallowedAction()
#1 C:\xampp7\htdocs\spk_wahyu\vendor\codeigniter4\framework\system\Filters\CSRF.php(88): CodeIgniter\Security\Security->CSRFVerify(Object(CodeIgniter\HTTP\IncomingRequest))
#2 C:\xampp7\htdocs\spk_wahyu\vendor\codeigniter4\framework\system\Filters\Filters.php(173): CodeIgniter\Filters\CSRF->before(Object(CodeIgniter\HTTP\IncomingRequest), NULL)
#3 C:\xampp7\htdocs\spk_wahyu\vendor\codeigniter4\framework\system\CodeIgniter.php(382): CodeIgniter\Filters\Filters->run('search', 'before')
#4 C:\xampp7\htdocs\spk_wahyu\vendor\codeigniter4\framework\system\CodeIgniter.php(312): CodeIgniter\CodeIgniter->handleRequest(NULL, Object(Config\Cache), false)
#5 C:\xampp7\htdocs\spk_wahyu\public\index.php(45): CodeIgniter\CodeIgniter->run()
#6 C:\xampp7\htdocs\spk_wahyu\vendor\codeigniter4\framework\system\Commands\Server\rewrite.php(34): require_once('C:\\xampp7\\htdoc...')
#7 {main}
CRITICAL - 2021-01-24 03:00:07 --> array_push() expects parameter 1 to be array, null given
#0 [internal function]: CodeIgniter\Debug\Exceptions->errorHandler(2, 'array_push() ex...', 'C:\\xampp7\\htdoc...', 29, Array)
#1 C:\xampp7\htdocs\spk_wahyu\app\Controllers\Admin\Sub_kriteria.php(29): array_push(NULL, Array)
#2 C:\xampp7\htdocs\spk_wahyu\vendor\codeigniter4\framework\system\CodeIgniter.php(918): App\Controllers\Admin\Sub_kriteria->search()
#3 C:\xampp7\htdocs\spk_wahyu\vendor\codeigniter4\framework\system\CodeIgniter.php(404): CodeIgniter\CodeIgniter->runController(Object(App\Controllers\Admin\Sub_kriteria))
#4 C:\xampp7\htdocs\spk_wahyu\vendor\codeigniter4\framework\system\CodeIgniter.php(312): CodeIgniter\CodeIgniter->handleRequest(NULL, Object(Config\Cache), false)
#5 C:\xampp7\htdocs\spk_wahyu\public\index.php(45): CodeIgniter\CodeIgniter->run()
#6 C:\xampp7\htdocs\spk_wahyu\vendor\codeigniter4\framework\system\Commands\Server\rewrite.php(34): require_once('C:\\xampp7\\htdoc...')
#7 {main}
CRITICAL - 2021-01-24 06:36:46 --> Undefined offset: 0
#0 C:\xampp7\htdocs\spk_wahyu\app\Views\Admin\Content\Add_sub_kriteria.php(30): CodeIgniter\Debug\Exceptions->errorHandler(8, 'Undefined offse...', 'C:\\xampp7\\htdoc...', 30, Array)
#1 C:\xampp7\htdocs\spk_wahyu\vendor\codeigniter4\framework\system\View\View.php(246): include('C:\\xampp7\\htdoc...')
#2 C:\xampp7\htdocs\spk_wahyu\vendor\codeigniter4\framework\system\Common.php(1119): CodeIgniter\View\View->render('Admin/Content/A...', Array, true)
#3 C:\xampp7\htdocs\spk_wahyu\app\Controllers\Admin\Sub_kriteria.php(40): view('Admin/Content/A...', Array)
#4 C:\xampp7\htdocs\spk_wahyu\vendor\codeigniter4\framework\system\CodeIgniter.php(918): App\Controllers\Admin\Sub_kriteria->add('2')
#5 C:\xampp7\htdocs\spk_wahyu\vendor\codeigniter4\framework\system\CodeIgniter.php(404): CodeIgniter\CodeIgniter->runController(Object(App\Controllers\Admin\Sub_kriteria))
#6 C:\xampp7\htdocs\spk_wahyu\vendor\codeigniter4\framework\system\CodeIgniter.php(312): CodeIgniter\CodeIgniter->handleRequest(NULL, Object(Config\Cache), false)
#7 C:\xampp7\htdocs\spk_wahyu\public\index.php(45): CodeIgniter\CodeIgniter->run()
#8 C:\xampp7\htdocs\spk_wahyu\vendor\codeigniter4\framework\system\Commands\Server\rewrite.php(34): require_once('C:\\xampp7\\htdoc...')
#9 {main}
CRITICAL - 2021-01-24 06:37:25 --> Undefined index: nama_kriteria
#0 C:\xampp7\htdocs\spk_wahyu\app\Views\Admin\Content\Add_sub_kriteria.php(30): CodeIgniter\Debug\Exceptions->errorHandler(8, 'Undefined index...', 'C:\\xampp7\\htdoc...', 30, Array)
#1 C:\xampp7\htdocs\spk_wahyu\vendor\codeigniter4\framework\system\View\View.php(246): include('C:\\xampp7\\htdoc...')
#2 C:\xampp7\htdocs\spk_wahyu\vendor\codeigniter4\framework\system\Common.php(1119): CodeIgniter\View\View->render('Admin/Content/A...', Array, true)
#3 C:\xampp7\htdocs\spk_wahyu\app\Controllers\Admin\Sub_kriteria.php(40): view('Admin/Content/A...', Array)
#4 C:\xampp7\htdocs\spk_wahyu\vendor\codeigniter4\framework\system\CodeIgniter.php(918): App\Controllers\Admin\Sub_kriteria->add('2')
#5 C:\xampp7\htdocs\spk_wahyu\vendor\codeigniter4\framework\system\CodeIgniter.php(404): CodeIgniter\CodeIgniter->runController(Object(App\Controllers\Admin\Sub_kriteria))
#6 C:\xampp7\htdocs\spk_wahyu\vendor\codeigniter4\framework\system\CodeIgniter.php(312): CodeIgniter\CodeIgniter->handleRequest(NULL, Object(Config\Cache), false)
#7 C:\xampp7\htdocs\spk_wahyu\public\index.php(45): CodeIgniter\CodeIgniter->run()
#8 C:\xampp7\htdocs\spk_wahyu\vendor\codeigniter4\framework\system\Commands\Server\rewrite.php(34): require_once('C:\\xampp7\\htdoc...')
#9 {main}
CRITICAL - 2021-01-24 06:37:40 --> Undefined offset: 0
#0 C:\xampp7\htdocs\spk_wahyu\app\Views\Admin\Content\Add_sub_kriteria.php(30): CodeIgniter\Debug\Exceptions->errorHandler(8, 'Undefined offse...', 'C:\\xampp7\\htdoc...', 30, Array)
#1 C:\xampp7\htdocs\spk_wahyu\vendor\codeigniter4\framework\system\View\View.php(246): include('C:\\xampp7\\htdoc...')
#2 C:\xampp7\htdocs\spk_wahyu\vendor\codeigniter4\framework\system\Common.php(1119): CodeIgniter\View\View->render('Admin/Content/A...', Array, true)
#3 C:\xampp7\htdocs\spk_wahyu\app\Controllers\Admin\Sub_kriteria.php(40): view('Admin/Content/A...', Array)
#4 C:\xampp7\htdocs\spk_wahyu\vendor\codeigniter4\framework\system\CodeIgniter.php(918): App\Controllers\Admin\Sub_kriteria->add('2')
#5 C:\xampp7\htdocs\spk_wahyu\vendor\codeigniter4\framework\system\CodeIgniter.php(404): CodeIgniter\CodeIgniter->runController(Object(App\Controllers\Admin\Sub_kriteria))
#6 C:\xampp7\htdocs\spk_wahyu\vendor\codeigniter4\framework\system\CodeIgniter.php(312): CodeIgniter\CodeIgniter->handleRequest(NULL, Object(Config\Cache), false)
#7 C:\xampp7\htdocs\spk_wahyu\public\index.php(45): CodeIgniter\CodeIgniter->run()
#8 C:\xampp7\htdocs\spk_wahyu\vendor\codeigniter4\framework\system\Commands\Server\rewrite.php(34): require_once('C:\\xampp7\\htdoc...')
#9 {main}
CRITICAL - 2021-01-24 06:37:58 --> Undefined offset: 0
#0 C:\xampp7\htdocs\spk_wahyu\app\Views\Admin\Content\Add_sub_kriteria.php(30): CodeIgniter\Debug\Exceptions->errorHandler(8, 'Undefined offse...', 'C:\\xampp7\\htdoc...', 30, Array)
#1 C:\xampp7\htdocs\spk_wahyu\vendor\codeigniter4\framework\system\View\View.php(246): include('C:\\xampp7\\htdoc...')
#2 C:\xampp7\htdocs\spk_wahyu\vendor\codeigniter4\framework\system\Common.php(1119): CodeIgniter\View\View->render('Admin/Content/A...', Array, true)
#3 C:\xampp7\htdocs\spk_wahyu\app\Controllers\Admin\Sub_kriteria.php(40): view('Admin/Content/A...', Array)
#4 C:\xampp7\htdocs\spk_wahyu\vendor\codeigniter4\framework\system\CodeIgniter.php(918): App\Controllers\Admin\Sub_kriteria->add('2')
#5 C:\xampp7\htdocs\spk_wahyu\vendor\codeigniter4\framework\system\CodeIgniter.php(404): CodeIgniter\CodeIgniter->runController(Object(App\Controllers\Admin\Sub_kriteria))
#6 C:\xampp7\htdocs\spk_wahyu\vendor\codeigniter4\framework\system\CodeIgniter.php(312): CodeIgniter\CodeIgniter->handleRequest(NULL, Object(Config\Cache), false)
#7 C:\xampp7\htdocs\spk_wahyu\public\index.php(45): CodeIgniter\CodeIgniter->run()
#8 C:\xampp7\htdocs\spk_wahyu\vendor\codeigniter4\framework\system\Commands\Server\rewrite.php(34): require_once('C:\\xampp7\\htdoc...')
#9 {main}
CRITICAL - 2021-01-24 06:43:50 --> Undefined offset: 2
#0 C:\xampp7\htdocs\spk_wahyu\app\Models\Crud_model.php(133): CodeIgniter\Debug\Exceptions->errorHandler(8, 'Undefined offse...', 'C:\\xampp7\\htdoc...', 133, Array)
#1 C:\xampp7\htdocs\spk_wahyu\app\Controllers\Admin\Sub_kriteria.php(47): App\Models\Crud_model->save_data_rank(Array, 'tb_sub_kriteria', true, 'id_krit', '2')
#2 C:\xampp7\htdocs\spk_wahyu\vendor\codeigniter4\framework\system\CodeIgniter.php(918): App\Controllers\Admin\Sub_kriteria->store('2')
#3 C:\xampp7\htdocs\spk_wahyu\vendor\codeigniter4\framework\system\CodeIgniter.php(404): CodeIgniter\CodeIgniter->runController(Object(App\Controllers\Admin\Sub_kriteria))
#4 C:\xampp7\htdocs\spk_wahyu\vendor\codeigniter4\framework\system\CodeIgniter.php(312): CodeIgniter\CodeIgniter->handleRequest(NULL, Object(Config\Cache), false)
#5 C:\xampp7\htdocs\spk_wahyu\public\index.php(45): CodeIgniter\CodeIgniter->run()
#6 C:\xampp7\htdocs\spk_wahyu\vendor\codeigniter4\framework\system\Commands\Server\rewrite.php(34): require_once('C:\\xampp7\\htdoc...')
#7 {main}
CRITICAL - 2021-01-24 07:46:58 --> Undefined index: id_alternatif
#0 C:\xampp7\htdocs\spk_wahyu\app\Models\Crud_model.php(204): CodeIgniter\Debug\Exceptions->errorHandler(8, 'Undefined index...', 'C:\\xampp7\\htdoc...', 204, Array)
#1 C:\xampp7\htdocs\spk_wahyu\app\Controllers\Admin\Perangkingan.php(21): App\Models\Crud_model->data_rank()
#2 C:\xampp7\htdocs\spk_wahyu\vendor\codeigniter4\framework\system\CodeIgniter.php(918): App\Controllers\Admin\Perangkingan->index()
#3 C:\xampp7\htdocs\spk_wahyu\vendor\codeigniter4\framework\system\CodeIgniter.php(404): CodeIgniter\CodeIgniter->runController(Object(App\Controllers\Admin\Perangkingan))
#4 C:\xampp7\htdocs\spk_wahyu\vendor\codeigniter4\framework\system\CodeIgniter.php(312): CodeIgniter\CodeIgniter->handleRequest(NULL, Object(Config\Cache), false)
#5 C:\xampp7\htdocs\spk_wahyu\public\index.php(45): CodeIgniter\CodeIgniter->run()
#6 C:\xampp7\htdocs\spk_wahyu\vendor\codeigniter4\framework\system\Commands\Server\rewrite.php(34): require_once('C:\\xampp7\\htdoc...')
#7 {main}
CRITICAL - 2021-01-24 07:51:58 --> Undefined index: id_alternatif
#0 C:\xampp7\htdocs\spk_wahyu\app\Views\Admin\Content\Rank.php(49): CodeIgniter\Debug\Exceptions->errorHandler(8, 'Undefined index...', 'C:\\xampp7\\htdoc...', 49, Array)
#1 C:\xampp7\htdocs\spk_wahyu\vendor\codeigniter4\framework\system\View\View.php(246): include('C:\\xampp7\\htdoc...')
#2 C:\xampp7\htdocs\spk_wahyu\vendor\codeigniter4\framework\system\Common.php(1119): CodeIgniter\View\View->render('Admin/Content/R...', Array, true)
#3 C:\xampp7\htdocs\spk_wahyu\app\Controllers\Admin\Perangkingan.php(22): view('Admin/Content/R...', Array)
#4 C:\xampp7\htdocs\spk_wahyu\vendor\codeigniter4\framework\system\CodeIgniter.php(918): App\Controllers\Admin\Perangkingan->index()
#5 C:\xampp7\htdocs\spk_wahyu\vendor\codeigniter4\framework\system\CodeIgniter.php(404): CodeIgniter\CodeIgniter->runController(Object(App\Controllers\Admin\Perangkingan))
#6 C:\xampp7\htdocs\spk_wahyu\vendor\codeigniter4\framework\system\CodeIgniter.php(312): CodeIgniter\CodeIgniter->handleRequest(NULL, Object(Config\Cache), false)
#7 C:\xampp7\htdocs\spk_wahyu\public\index.php(45): CodeIgniter\CodeIgniter->run()
#8 C:\xampp7\htdocs\spk_wahyu\vendor\codeigniter4\framework\system\Commands\Server\rewrite.php(34): require_once('C:\\xampp7\\htdoc...')
#9 {main}
CRITICAL - 2021-01-24 08:10:32 --> Undefined index: id_kriteria
#0 C:\xampp7\htdocs\spk_wahyu\app\Models\Crud_model.php(160): CodeIgniter\Debug\Exceptions->errorHandler(8, 'Undefined index...', 'C:\\xampp7\\htdoc...', 160, Array)
#1 C:\xampp7\htdocs\spk_wahyu\app\Controllers\Admin\Perangkingan.php(29): App\Models\Crud_model->data_form()
#2 C:\xampp7\htdocs\spk_wahyu\vendor\codeigniter4\framework\system\CodeIgniter.php(918): App\Controllers\Admin\Perangkingan->add('2')
#3 C:\xampp7\htdocs\spk_wahyu\vendor\codeigniter4\framework\system\CodeIgniter.php(404): CodeIgniter\CodeIgniter->runController(Object(App\Controllers\Admin\Perangkingan))
#4 C:\xampp7\htdocs\spk_wahyu\vendor\codeigniter4\framework\system\CodeIgniter.php(312): CodeIgniter\CodeIgniter->handleRequest(NULL, Object(Config\Cache), false)
#5 C:\xampp7\htdocs\spk_wahyu\public\index.php(45): CodeIgniter\CodeIgniter->run()
#6 C:\xampp7\htdocs\spk_wahyu\vendor\codeigniter4\framework\system\Commands\Server\rewrite.php(34): require_once('C:\\xampp7\\htdoc...')
#7 {main}
CRITICAL - 2021-01-24 09:09:45 --> Undefined variable: kriteria
#0 C:\xampp7\htdocs\spk_wahyu\app\Views\Admin\Content\Add_rank.php(40): CodeIgniter\Debug\Exceptions->errorHandler(8, 'Undefined varia...', 'C:\\xampp7\\htdoc...', 40, Array)
#1 C:\xampp7\htdocs\spk_wahyu\vendor\codeigniter4\framework\system\View\View.php(246): include('C:\\xampp7\\htdoc...')
#2 C:\xampp7\htdocs\spk_wahyu\vendor\codeigniter4\framework\system\Common.php(1119): CodeIgniter\View\View->render('Admin/Content/A...', Array, true)
#3 C:\xampp7\htdocs\spk_wahyu\app\Controllers\Admin\Perangkingan.php(32): view('Admin/Content/A...', Array)
#4 C:\xampp7\htdocs\spk_wahyu\vendor\codeigniter4\framework\system\CodeIgniter.php(918): App\Controllers\Admin\Perangkingan->add('2')
#5 C:\xampp7\htdocs\spk_wahyu\vendor\codeigniter4\framework\system\CodeIgniter.php(404): CodeIgniter\CodeIgniter->runController(Object(App\Controllers\Admin\Perangkingan))
#6 C:\xampp7\htdocs\spk_wahyu\vendor\codeigniter4\framework\system\CodeIgniter.php(312): CodeIgniter\CodeIgniter->handleRequest(NULL, Object(Config\Cache), false)
#7 C:\xampp7\htdocs\spk_wahyu\public\index.php(45): CodeIgniter\CodeIgniter->run()
#8 C:\xampp7\htdocs\spk_wahyu\vendor\codeigniter4\framework\system\Commands\Server\rewrite.php(34): require_once('C:\\xampp7\\htdoc...')
#9 {main}
CRITICAL - 2021-01-24 10:20:51 --> Unknown column 'id_alter' in 'where clause'
#0 C:\xampp7\htdocs\spk_wahyu\vendor\codeigniter4\framework\system\Database\MySQLi\Connection.php(331): mysqli->query('SELECT COUNT(*)...')
#1 C:\xampp7\htdocs\spk_wahyu\vendor\codeigniter4\framework\system\Database\BaseConnection.php(741): CodeIgniter\Database\MySQLi\Connection->execute('SELECT COUNT(*)...')
#2 C:\xampp7\htdocs\spk_wahyu\vendor\codeigniter4\framework\system\Database\BaseConnection.php(669): CodeIgniter\Database\BaseConnection->simpleQuery('SELECT COUNT(*)...')
#3 C:\xampp7\htdocs\spk_wahyu\vendor\codeigniter4\framework\system\Database\BaseBuilder.php(1952): CodeIgniter\Database\BaseConnection->query('SELECT COUNT(*)...', Array, false)
#4 C:\xampp7\htdocs\spk_wahyu\app\Models\Crud_model.php(78): CodeIgniter\Database\BaseBuilder->countAllResults()
#5 C:\xampp7\htdocs\spk_wahyu\app\Models\Crud_model.php(242): App\Models\Crud_model->num_rows('tb_kriteria', true, 'id_alter', '2')
#6 C:\xampp7\htdocs\spk_wahyu\app\Controllers\Admin\Perangkingan.php(40): App\Models\Crud_model->save_data_rank2('tb_kriteria', '2', Array)
#7 C:\xampp7\htdocs\spk_wahyu\vendor\codeigniter4\framework\system\CodeIgniter.php(918): App\Controllers\Admin\Perangkingan->store('2')
#8 C:\xampp7\htdocs\spk_wahyu\vendor\codeigniter4\framework\system\CodeIgniter.php(404): CodeIgniter\CodeIgniter->runController(Object(App\Controllers\Admin\Perangkingan))
#9 C:\xampp7\htdocs\spk_wahyu\vendor\codeigniter4\framework\system\CodeIgniter.php(312): CodeIgniter\CodeIgniter->handleRequest(NULL, Object(Config\Cache), false)
#10 C:\xampp7\htdocs\spk_wahyu\public\index.php(45): CodeIgniter\CodeIgniter->run()
#11 C:\xampp7\htdocs\spk_wahyu\vendor\codeigniter4\framework\system\Commands\Server\rewrite.php(34): require_once('C:\\xampp7\\htdoc...')
#12 {main}
CRITICAL - 2021-01-24 10:24:30 --> Undefined index: bobot
#0 C:\xampp7\htdocs\spk_wahyu\app\Models\Crud_model.php(228): CodeIgniter\Debug\Exceptions->errorHandler(8, 'Undefined index...', 'C:\\xampp7\\htdoc...', 228, Array)
#1 C:\xampp7\htdocs\spk_wahyu\app\Controllers\Admin\Perangkingan.php(28): App\Models\Crud_model->data_rank_alter('2')
#2 C:\xampp7\htdocs\spk_wahyu\vendor\codeigniter4\framework\system\CodeIgniter.php(918): App\Controllers\Admin\Perangkingan->add('2')
#3 C:\xampp7\htdocs\spk_wahyu\vendor\codeigniter4\framework\system\CodeIgniter.php(404): CodeIgniter\CodeIgniter->runController(Object(App\Controllers\Admin\Perangkingan))
#4 C:\xampp7\htdocs\spk_wahyu\vendor\codeigniter4\framework\system\CodeIgniter.php(312): CodeIgniter\CodeIgniter->handleRequest(NULL, Object(Config\Cache), false)
#5 C:\xampp7\htdocs\spk_wahyu\public\index.php(45): CodeIgniter\CodeIgniter->run()
#6 C:\xampp7\htdocs\spk_wahyu\vendor\codeigniter4\framework\system\Commands\Server\rewrite.php(34): require_once('C:\\xampp7\\htdoc...')
#7 {main}
CRITICAL - 2021-01-24 11:21:21 --> Undefined offset: 0
#0 C:\xampp7\htdocs\spk_wahyu\app\Models\Crud_model.php(226): CodeIgniter\Debug\Exceptions->errorHandler(8, 'Undefined offse...', 'C:\\xampp7\\htdoc...', 226, Array)
#1 C:\xampp7\htdocs\spk_wahyu\app\Controllers\Admin\Perangkingan.php(28): App\Models\Crud_model->data_rank_alter('3')
#2 C:\xampp7\htdocs\spk_wahyu\vendor\codeigniter4\framework\system\CodeIgniter.php(918): App\Controllers\Admin\Perangkingan->add('3')
#3 C:\xampp7\htdocs\spk_wahyu\vendor\codeigniter4\framework\system\CodeIgniter.php(404): CodeIgniter\CodeIgniter->runController(Object(App\Controllers\Admin\Perangkingan))
#4 C:\xampp7\htdocs\spk_wahyu\vendor\codeigniter4\framework\system\CodeIgniter.php(312): CodeIgniter\CodeIgniter->handleRequest(NULL, Object(Config\Cache), false)
#5 C:\xampp7\htdocs\spk_wahyu\public\index.php(45): CodeIgniter\CodeIgniter->run()
#6 C:\xampp7\htdocs\spk_wahyu\vendor\codeigniter4\framework\system\Commands\Server\rewrite.php(34): require_once('C:\\xampp7\\htdoc...')
#7 {main}
CRITICAL - 2021-01-24 21:13:41 --> Unable to connect to the database.
#0 C:\xampp7\htdocs\spk_wahyu\vendor\codeigniter4\framework\system\Database\BaseConnection.php(646): CodeIgniter\Database\BaseConnection->initialize()
#1 C:\xampp7\htdocs\spk_wahyu\vendor\codeigniter4\framework\system\Database\BaseBuilder.php(1860): CodeIgniter\Database\BaseConnection->query('SELECT *\nFROM `...', Array, false)
#2 C:\xampp7\htdocs\spk_wahyu\app\Models\Login_model.php(15): CodeIgniter\Database\BaseBuilder->get()
#3 C:\xampp7\htdocs\spk_wahyu\app\Controllers\Home.php(29): App\Models\Login_model->getLogin('admin', 'admin')
#4 C:\xampp7\htdocs\spk_wahyu\vendor\codeigniter4\framework\system\CodeIgniter.php(918): App\Controllers\Home->p_login()
#5 C:\xampp7\htdocs\spk_wahyu\vendor\codeigniter4\framework\system\CodeIgniter.php(404): CodeIgniter\CodeIgniter->runController(Object(App\Controllers\Home))
#6 C:\xampp7\htdocs\spk_wahyu\vendor\codeigniter4\framework\system\CodeIgniter.php(312): CodeIgniter\CodeIgniter->handleRequest(NULL, Object(Config\Cache), false)
#7 C:\xampp7\htdocs\spk_wahyu\public\index.php(45): CodeIgniter\CodeIgniter->run()
#8 C:\xampp7\htdocs\spk_wahyu\vendor\codeigniter4\framework\system\Commands\Server\rewrite.php(34): require_once('C:\\xampp7\\htdoc...')
#9 {main}
CRITICAL - 2021-01-24 21:13:41 --> Uncaught ErrorException: print_r(): Property access is not allowed yet in C:\xampp7\htdocs\spk_wahyu\app\Views\errors\html\error_exception.php:100
Stack trace:
#0 [internal function]: CodeIgniter\Debug\Exceptions->errorHandler(2, 'print_r(): Prop...', 'C:\\xampp7\\htdoc...', 100, Array)
#1 C:\xampp7\htdocs\spk_wahyu\app\Views\errors\html\error_exception.php(100): print_r(Object(App\Controllers\Home), true)
#2 C:\xampp7\htdocs\spk_wahyu\vendor\codeigniter4\framework\system\Debug\Exceptions.php(308): include('C:\\xampp7\\htdoc...')
#3 C:\xampp7\htdocs\spk_wahyu\vendor\codeigniter4\framework\system\Debug\Exceptions.php(174): CodeIgniter\Debug\Exceptions->render(Object(CodeIgniter\Database\Exceptions\DatabaseException), 500)
#4 [internal function]: CodeIgniter\Debug\Exceptions->exceptionHandler(Object(CodeIgniter\Database\Exceptions\DatabaseException))
#5 {main}
  thrown
#0 [internal function]: CodeIgniter\Debug\Exceptions->shutdownHandler()
#1 {main}
CRITICAL - 2021-01-24 22:01:09 --> You have an error in your SQL syntax; check the manual that corresponds to your MariaDB server version for the right syntax to use near '0) VALUES (('2',0.242333876667))' at line 1
#0 C:\xampp7\htdocs\spk_wahyu\vendor\codeigniter4\framework\system\Database\MySQLi\Connection.php(331): mysqli->query('INSERT INTO `tb...')
#1 C:\xampp7\htdocs\spk_wahyu\vendor\codeigniter4\framework\system\Database\BaseConnection.php(741): CodeIgniter\Database\MySQLi\Connection->execute('INSERT INTO `tb...')
#2 C:\xampp7\htdocs\spk_wahyu\vendor\codeigniter4\framework\system\Database\BaseConnection.php(669): CodeIgniter\Database\BaseConnection->simpleQuery('INSERT INTO `tb...')
#3 C:\xampp7\htdocs\spk_wahyu\vendor\codeigniter4\framework\system\Database\BaseBuilder.php(2249): CodeIgniter\Database\BaseConnection->query('INSERT INTO `tb...', Array, false)
#4 C:\xampp7\htdocs\spk_wahyu\app\Models\Crud_model.php(49): CodeIgniter\Database\BaseBuilder->insert(Array)
#5 C:\xampp7\htdocs\spk_wahyu\app\Models\Crud_model.php(310): App\Models\Crud_model->save_data_input('tb_hasil', Array)
#6 C:\xampp7\htdocs\spk_wahyu\app\Controllers\Admin\Perangkingan.php(63): App\Models\Crud_model->persiapan()
#7 C:\xampp7\htdocs\spk_wahyu\vendor\codeigniter4\framework\system\CodeIgniter.php(918): App\Controllers\Admin\Perangkingan->smarter()
#8 C:\xampp7\htdocs\spk_wahyu\vendor\codeigniter4\framework\system\CodeIgniter.php(404): CodeIgniter\CodeIgniter->runController(Object(App\Controllers\Admin\Perangkingan))
#9 C:\xampp7\htdocs\spk_wahyu\vendor\codeigniter4\framework\system\CodeIgniter.php(312): CodeIgniter\CodeIgniter->handleRequest(NULL, Object(Config\Cache), false)
#10 C:\xampp7\htdocs\spk_wahyu\public\index.php(45): CodeIgniter\CodeIgniter->run()
#11 C:\xampp7\htdocs\spk_wahyu\vendor\codeigniter4\framework\system\Commands\Server\rewrite.php(34): require_once('C:\\xampp7\\htdoc...')
#12 {main}
CRITICAL - 2021-01-24 22:02:38 --> Unsupported operand types
#0 C:\xampp7\htdocs\spk_wahyu\app\Controllers\Admin\Perangkingan.php(63): App\Models\Crud_model->persiapan()
#1 C:\xampp7\htdocs\spk_wahyu\vendor\codeigniter4\framework\system\CodeIgniter.php(918): App\Controllers\Admin\Perangkingan->smarter()
#2 C:\xampp7\htdocs\spk_wahyu\vendor\codeigniter4\framework\system\CodeIgniter.php(404): CodeIgniter\CodeIgniter->runController(Object(App\Controllers\Admin\Perangkingan))
#3 C:\xampp7\htdocs\spk_wahyu\vendor\codeigniter4\framework\system\CodeIgniter.php(312): CodeIgniter\CodeIgniter->handleRequest(NULL, Object(Config\Cache), false)
#4 C:\xampp7\htdocs\spk_wahyu\public\index.php(45): CodeIgniter\CodeIgniter->run()
#5 C:\xampp7\htdocs\spk_wahyu\vendor\codeigniter4\framework\system\Commands\Server\rewrite.php(34): require_once('C:\\xampp7\\htdoc...')
#6 {main}
CRITICAL - 2021-01-24 22:36:05 --> Undefined variable: alternatif
#0 C:\xampp7\htdocs\spk_wahyu\app\Views\Admin\Content\Add_rank.php(30): CodeIgniter\Debug\Exceptions->errorHandler(8, 'Undefined varia...', 'C:\\xampp7\\htdoc...', 30, Array)
#1 C:\xampp7\htdocs\spk_wahyu\vendor\codeigniter4\framework\system\View\View.php(246): include('C:\\xampp7\\htdoc...')
#2 C:\xampp7\htdocs\spk_wahyu\vendor\codeigniter4\framework\system\Common.php(1119): CodeIgniter\View\View->render('Admin/Content/A...', Array, true)
#3 C:\xampp7\htdocs\spk_wahyu\app\Controllers\Admin\Perangkingan.php(68): view('Admin/Content/A...', Array)
#4 C:\xampp7\htdocs\spk_wahyu\vendor\codeigniter4\framework\system\CodeIgniter.php(918): App\Controllers\Admin\Perangkingan->smarter()
#5 C:\xampp7\htdocs\spk_wahyu\vendor\codeigniter4\framework\system\CodeIgniter.php(404): CodeIgniter\CodeIgniter->runController(Object(App\Controllers\Admin\Perangkingan))
#6 C:\xampp7\htdocs\spk_wahyu\vendor\codeigniter4\framework\system\CodeIgniter.php(312): CodeIgniter\CodeIgniter->handleRequest(NULL, Object(Config\Cache), false)
#7 C:\xampp7\htdocs\spk_wahyu\public\index.php(45): CodeIgniter\CodeIgniter->run()
#8 C:\xampp7\htdocs\spk_wahyu\vendor\codeigniter4\framework\system\Commands\Server\rewrite.php(34): require_once('C:\\xampp7\\htdoc...')
#9 {main}
CRITICAL - 2021-01-24 23:05:56 --> Array to string conversion
#0 C:\xampp7\htdocs\spk_wahyu\app\Views\Admin\Layout\Chart.php(3): CodeIgniter\Debug\Exceptions->errorHandler(8, 'Array to string...', 'C:\\xampp7\\htdoc...', 3, Array)
#1 C:\xampp7\htdocs\spk_wahyu\vendor\codeigniter4\framework\system\View\View.php(246): include('C:\\xampp7\\htdoc...')
#2 C:\xampp7\htdocs\spk_wahyu\vendor\codeigniter4\framework\system\View\View.php(525): CodeIgniter\View\View->render('Admin/Layout/Ch...', NULL, true)
#3 C:\xampp7\htdocs\spk_wahyu\app\Views\Admin\Index.php(17): CodeIgniter\View\View->include('Admin/Layout/Ch...')
#4 C:\xampp7\htdocs\spk_wahyu\vendor\codeigniter4\framework\system\View\View.php(246): include('C:\\xampp7\\htdoc...')
#5 C:\xampp7\htdocs\spk_wahyu\vendor\codeigniter4\framework\system\View\View.php(257): CodeIgniter\View\View->render('Admin/Index', Array, true)
#6 C:\xampp7\htdocs\spk_wahyu\vendor\codeigniter4\framework\system\Common.php(1119): CodeIgniter\View\View->render('Admin/Content/D...', Array, true)
#7 C:\xampp7\htdocs\spk_wahyu\app\Controllers\Admin\Perangkingan.php(69): view('Admin/Content/D...', Array)
#8 C:\xampp7\htdocs\spk_wahyu\vendor\codeigniter4\framework\system\CodeIgniter.php(918): App\Controllers\Admin\Perangkingan->smarter()
#9 C:\xampp7\htdocs\spk_wahyu\vendor\codeigniter4\framework\system\CodeIgniter.php(404): CodeIgniter\CodeIgniter->runController(Object(App\Controllers\Admin\Perangkingan))
#10 C:\xampp7\htdocs\spk_wahyu\vendor\codeigniter4\framework\system\CodeIgniter.php(312): CodeIgniter\CodeIgniter->handleRequest(NULL, Object(Config\Cache), false)
#11 C:\xampp7\htdocs\spk_wahyu\public\index.php(45): CodeIgniter\CodeIgniter->run()
#12 C:\xampp7\htdocs\spk_wahyu\vendor\codeigniter4\framework\system\Commands\Server\rewrite.php(34): require_once('C:\\xampp7\\htdoc...')
#13 {main}
CRITICAL - 2021-01-24 23:06:24 --> Array to string conversion
#0 C:\xampp7\htdocs\spk_wahyu\app\Views\Admin\Layout\Chart.php(3): CodeIgniter\Debug\Exceptions->errorHandler(8, 'Array to string...', 'C:\\xampp7\\htdoc...', 3, Array)
#1 C:\xampp7\htdocs\spk_wahyu\vendor\codeigniter4\framework\system\View\View.php(246): include('C:\\xampp7\\htdoc...')
#2 C:\xampp7\htdocs\spk_wahyu\vendor\codeigniter4\framework\system\View\View.php(525): CodeIgniter\View\View->render('Admin/Layout/Ch...', NULL, true)
#3 C:\xampp7\htdocs\spk_wahyu\app\Views\Admin\Index.php(17): CodeIgniter\View\View->include('Admin/Layout/Ch...')
#4 C:\xampp7\htdocs\spk_wahyu\vendor\codeigniter4\framework\system\View\View.php(246): include('C:\\xampp7\\htdoc...')
#5 C:\xampp7\htdocs\spk_wahyu\vendor\codeigniter4\framework\system\View\View.php(257): CodeIgniter\View\View->render('Admin/Index', Array, true)
#6 C:\xampp7\htdocs\spk_wahyu\vendor\codeigniter4\framework\system\Common.php(1119): CodeIgniter\View\View->render('Admin/Content/D...', Array, true)
#7 C:\xampp7\htdocs\spk_wahyu\app\Controllers\Admin\Perangkingan.php(69): view('Admin/Content/D...', Array)
#8 C:\xampp7\htdocs\spk_wahyu\vendor\codeigniter4\framework\system\CodeIgniter.php(918): App\Controllers\Admin\Perangkingan->smarter()
#9 C:\xampp7\htdocs\spk_wahyu\vendor\codeigniter4\framework\system\CodeIgniter.php(404): CodeIgniter\CodeIgniter->runController(Object(App\Controllers\Admin\Perangkingan))
#10 C:\xampp7\htdocs\spk_wahyu\vendor\codeigniter4\framework\system\CodeIgniter.php(312): CodeIgniter\CodeIgniter->handleRequest(NULL, Object(Config\Cache), false)
#11 C:\xampp7\htdocs\spk_wahyu\public\index.php(45): CodeIgniter\CodeIgniter->run()
#12 C:\xampp7\htdocs\spk_wahyu\vendor\codeigniter4\framework\system\Commands\Server\rewrite.php(34): require_once('C:\\xampp7\\htdoc...')
#13 {main}
CRITICAL - 2021-01-24 23:08:00 --> Array to string conversion
#0 C:\xampp7\htdocs\spk_wahyu\app\Views\Admin\Layout\Chart.php(3): CodeIgniter\Debug\Exceptions->errorHandler(8, 'Array to string...', 'C:\\xampp7\\htdoc...', 3, Array)
#1 C:\xampp7\htdocs\spk_wahyu\vendor\codeigniter4\framework\system\View\View.php(246): include('C:\\xampp7\\htdoc...')
#2 C:\xampp7\htdocs\spk_wahyu\vendor\codeigniter4\framework\system\View\View.php(525): CodeIgniter\View\View->render('Admin/Layout/Ch...', NULL, true)
#3 C:\xampp7\htdocs\spk_wahyu\app\Views\Admin\Index.php(17): CodeIgniter\View\View->include('Admin/Layout/Ch...')
#4 C:\xampp7\htdocs\spk_wahyu\vendor\codeigniter4\framework\system\View\View.php(246): include('C:\\xampp7\\htdoc...')
#5 C:\xampp7\htdocs\spk_wahyu\vendor\codeigniter4\framework\system\View\View.php(257): CodeIgniter\View\View->render('Admin/Index', Array, true)
#6 C:\xampp7\htdocs\spk_wahyu\vendor\codeigniter4\framework\system\Common.php(1119): CodeIgniter\View\View->render('Admin/Content/D...', Array, true)
#7 C:\xampp7\htdocs\spk_wahyu\app\Controllers\Admin\Perangkingan.php(69): view('Admin/Content/D...', Array)
#8 C:\xampp7\htdocs\spk_wahyu\vendor\codeigniter4\framework\system\CodeIgniter.php(918): App\Controllers\Admin\Perangkingan->smarter()
#9 C:\xampp7\htdocs\spk_wahyu\vendor\codeigniter4\framework\system\CodeIgniter.php(404): CodeIgniter\CodeIgniter->runController(Object(App\Controllers\Admin\Perangkingan))
#10 C:\xampp7\htdocs\spk_wahyu\vendor\codeigniter4\framework\system\CodeIgniter.php(312): CodeIgniter\CodeIgniter->handleRequest(NULL, Object(Config\Cache), false)
#11 C:\xampp7\htdocs\spk_wahyu\public\index.php(45): CodeIgniter\CodeIgniter->run()
#12 C:\xampp7\htdocs\spk_wahyu\vendor\codeigniter4\framework\system\Commands\Server\rewrite.php(34): require_once('C:\\xampp7\\htdoc...')
#13 {main}
CRITICAL - 2021-01-24 23:08:12 --> Array to string conversion
#0 C:\xampp7\htdocs\spk_wahyu\app\Views\Admin\Layout\Chart.php(63): CodeIgniter\Debug\Exceptions->errorHandler(8, 'Array to string...', 'C:\\xampp7\\htdoc...', 63, Array)
#1 C:\xampp7\htdocs\spk_wahyu\vendor\codeigniter4\framework\system\View\View.php(246): include('C:\\xampp7\\htdoc...')
#2 C:\xampp7\htdocs\spk_wahyu\vendor\codeigniter4\framework\system\View\View.php(525): CodeIgniter\View\View->render('Admin/Layout/Ch...', NULL, true)
#3 C:\xampp7\htdocs\spk_wahyu\app\Views\Admin\Index.php(17): CodeIgniter\View\View->include('Admin/Layout/Ch...')
#4 C:\xampp7\htdocs\spk_wahyu\vendor\codeigniter4\framework\system\View\View.php(246): include('C:\\xampp7\\htdoc...')
#5 C:\xampp7\htdocs\spk_wahyu\vendor\codeigniter4\framework\system\View\View.php(257): CodeIgniter\View\View->render('Admin/Index', Array, true)
#6 C:\xampp7\htdocs\spk_wahyu\vendor\codeigniter4\framework\system\Common.php(1119): CodeIgniter\View\View->render('Admin/Content/D...', Array, true)
#7 C:\xampp7\htdocs\spk_wahyu\app\Controllers\Admin\Perangkingan.php(69): view('Admin/Content/D...', Array)
#8 C:\xampp7\htdocs\spk_wahyu\vendor\codeigniter4\framework\system\CodeIgniter.php(918): App\Controllers\Admin\Perangkingan->smarter()
#9 C:\xampp7\htdocs\spk_wahyu\vendor\codeigniter4\framework\system\CodeIgniter.php(404): CodeIgniter\CodeIgniter->runController(Object(App\Controllers\Admin\Perangkingan))
#10 C:\xampp7\htdocs\spk_wahyu\vendor\codeigniter4\framework\system\CodeIgniter.php(312): CodeIgniter\CodeIgniter->handleRequest(NULL, Object(Config\Cache), false)
#11 C:\xampp7\htdocs\spk_wahyu\public\index.php(45): CodeIgniter\CodeIgniter->run()
#12 C:\xampp7\htdocs\spk_wahyu\vendor\codeigniter4\framework\system\Commands\Server\rewrite.php(34): require_once('C:\\xampp7\\htdoc...')
#13 {main}
CRITICAL - 2021-01-24 23:11:52 --> Array to string conversion
#0 C:\xampp7\htdocs\spk_wahyu\app\Views\Admin\Layout\Chart.php(3): CodeIgniter\Debug\Exceptions->errorHandler(8, 'Array to string...', 'C:\\xampp7\\htdoc...', 3, Array)
#1 C:\xampp7\htdocs\spk_wahyu\vendor\codeigniter4\framework\system\View\View.php(246): include('C:\\xampp7\\htdoc...')
#2 C:\xampp7\htdocs\spk_wahyu\vendor\codeigniter4\framework\system\View\View.php(525): CodeIgniter\View\View->render('Admin/Layout/Ch...', NULL, true)
#3 C:\xampp7\htdocs\spk_wahyu\app\Views\Admin\Index.php(17): CodeIgniter\View\View->include('Admin/Layout/Ch...')
#4 C:\xampp7\htdocs\spk_wahyu\vendor\codeigniter4\framework\system\View\View.php(246): include('C:\\xampp7\\htdoc...')
#5 C:\xampp7\htdocs\spk_wahyu\vendor\codeigniter4\framework\system\View\View.php(257): CodeIgniter\View\View->render('Admin/Index', Array, true)
#6 C:\xampp7\htdocs\spk_wahyu\vendor\codeigniter4\framework\system\Common.php(1119): CodeIgniter\View\View->render('Admin/Content/D...', Array, true)
#7 C:\xampp7\htdocs\spk_wahyu\app\Controllers\Admin\Perangkingan.php(69): view('Admin/Content/D...', Array)
#8 C:\xampp7\htdocs\spk_wahyu\vendor\codeigniter4\framework\system\CodeIgniter.php(918): App\Controllers\Admin\Perangkingan->smarter()
#9 C:\xampp7\htdocs\spk_wahyu\vendor\codeigniter4\framework\system\CodeIgniter.php(404): CodeIgniter\CodeIgniter->runController(Object(App\Controllers\Admin\Perangkingan))
#10 C:\xampp7\htdocs\spk_wahyu\vendor\codeigniter4\framework\system\CodeIgniter.php(312): CodeIgniter\CodeIgniter->handleRequest(NULL, Object(Config\Cache), false)
#11 C:\xampp7\htdocs\spk_wahyu\public\index.php(45): CodeIgniter\CodeIgniter->run()
#12 C:\xampp7\htdocs\spk_wahyu\vendor\codeigniter4\framework\system\Commands\Server\rewrite.php(34): require_once('C:\\xampp7\\htdoc...')
#13 {main}
